CRITICAL - 2022-01-11 00:01:36 --> Argument 1 passed to CodeIgniter\Database\BaseBuilder::get() must be of the type int or null, string given, called in /home/alfath2/Downloads/ci4-blog/app/Controllers/Form.php on line 48
#0 /home/alfath2/Downloads/ci4-blog/app/Controllers/Form.php(48): CodeIgniter\Database\BaseBuilder->get()
#1 /home/alfath2/Downloads/ci4-blog/system/CodeIgniter.php(825): App\Controllers\Form->storeMultipleFile()
#2 /home/alfath2/Downloads/ci4-blog/system/CodeIgniter.php(412): CodeIgniter\CodeIgniter->runController()
#3 /home/alfath2/Downloads/ci4-blog/system/CodeIgniter.php(320): CodeIgniter\CodeIgniter->handleRequest()
#4 /home/alfath2/Downloads/ci4-blog/public/index.php(37): CodeIgniter\CodeIgniter->run()
#5 /home/alfath2/Downloads/ci4-blog/system/Commands/Server/rewrite.php(43): require_once('/home/alfath2/D...')
#6 {main}
CRITICAL - 2022-01-11 00:02:21 --> Undefined variable: post_id
#0 /home/alfath2/Downloads/ci4-blog/app/Controllers/Form.php(64): CodeIgniter\Debug\Exceptions->errorHandler()
#1 /home/alfath2/Downloads/ci4-blog/system/CodeIgniter.php(825): App\Controllers\Form->view()
#2 /home/alfath2/Downloads/ci4-blog/system/CodeIgniter.php(412): CodeIgniter\CodeIgniter->runController()
#3 /home/alfath2/Downloads/ci4-blog/system/CodeIgniter.php(320): CodeIgniter\CodeIgniter->handleRequest()
#4 /home/alfath2/Downloads/ci4-blog/public/index.php(37): CodeIgniter\CodeIgniter->run()
#5 /home/alfath2/Downloads/ci4-blog/system/Commands/Server/rewrite.php(43): require_once('/home/alfath2/D...')
#6 {main}
CRITICAL - 2022-01-11 00:02:45 --> Trying to get property 'title' of non-object
#0 /home/alfath2/Downloads/ci4-blog/app/Views/pages/form-details.php(1): CodeIgniter\Debug\Exceptions->errorHandler()
#1 /home/alfath2/Downloads/ci4-blog/system/View/View.php(210): include('/home/alfath2/D...')
#2 /home/alfath2/Downloads/ci4-blog/system/View/View.php(213): CodeIgniter\View\View->CodeIgniter\View\{closure}()
#3 /home/alfath2/Downloads/ci4-blog/system/Common.php(1089): CodeIgniter\View\View->render()
#4 /home/alfath2/Downloads/ci4-blog/app/Controllers/Form.php(67): view()
#5 /home/alfath2/Downloads/ci4-blog/system/CodeIgniter.php(825): App\Controllers\Form->view()
#6 /home/alfath2/Downloads/ci4-blog/system/CodeIgniter.php(412): CodeIgniter\CodeIgniter->runController()
#7 /home/alfath2/Downloads/ci4-blog/system/CodeIgniter.php(320): CodeIgniter\CodeIgniter->handleRequest()
#8 /home/alfath2/Downloads/ci4-blog/public/index.php(37): CodeIgniter\CodeIgniter->run()
#9 /home/alfath2/Downloads/ci4-blog/system/Commands/Server/rewrite.php(43): require_once('/home/alfath2/D...')
#10 {main}
CRITICAL - 2022-01-11 00:17:56 --> Trying to get property 'title' of non-object
#0 /home/alfath2/Downloads/ci4-blog/app/Views/pages/form-details.php(1): CodeIgniter\Debug\Exceptions->errorHandler()
#1 /home/alfath2/Downloads/ci4-blog/system/View/View.php(210): include('/home/alfath2/D...')
#2 /home/alfath2/Downloads/ci4-blog/system/View/View.php(213): CodeIgniter\View\View->CodeIgniter\View\{closure}()
#3 /home/alfath2/Downloads/ci4-blog/system/Common.php(1089): CodeIgniter\View\View->render()
#4 /home/alfath2/Downloads/ci4-blog/app/Controllers/Form.php(68): view()
#5 /home/alfath2/Downloads/ci4-blog/system/CodeIgniter.php(825): App\Controllers\Form->view()
#6 /home/alfath2/Downloads/ci4-blog/system/CodeIgniter.php(412): CodeIgniter\CodeIgniter->runController()
#7 /home/alfath2/Downloads/ci4-blog/system/CodeIgniter.php(320): CodeIgniter\CodeIgniter->handleRequest()
#8 /home/alfath2/Downloads/ci4-blog/public/index.php(37): CodeIgniter\CodeIgniter->run()
#9 /home/alfath2/Downloads/ci4-blog/system/Commands/Server/rewrite.php(43): require_once('/home/alfath2/D...')
#10 {main}
CRITICAL - 2022-01-11 00:18:22 --> Trying to get property 'title' of non-object
#0 /home/alfath2/Downloads/ci4-blog/app/Views/pages/form-details.php(1): CodeIgniter\Debug\Exceptions->errorHandler()
#1 /home/alfath2/Downloads/ci4-blog/system/View/View.php(210): include('/home/alfath2/D...')
#2 /home/alfath2/Downloads/ci4-blog/system/View/View.php(213): CodeIgniter\View\View->CodeIgniter\View\{closure}()
#3 /home/alfath2/Downloads/ci4-blog/system/Common.php(1089): CodeIgniter\View\View->render()
#4 /home/alfath2/Downloads/ci4-blog/app/Controllers/Form.php(68): view()
#5 /home/alfath2/Downloads/ci4-blog/system/CodeIgniter.php(825): App\Controllers\Form->view()
#6 /home/alfath2/Downloads/ci4-blog/system/CodeIgniter.php(412): CodeIgniter\CodeIgniter->runController()
#7 /home/alfath2/Downloads/ci4-blog/system/CodeIgniter.php(320): CodeIgniter\CodeIgniter->handleRequest()
#8 /home/alfath2/Downloads/ci4-blog/public/index.php(37): CodeIgniter\CodeIgniter->run()
#9 /home/alfath2/Downloads/ci4-blog/system/Commands/Server/rewrite.php(43): require_once('/home/alfath2/D...')
#10 {main}
CRITICAL - 2022-01-11 00:18:23 --> Trying to get property 'title' of non-object
#0 /home/alfath2/Downloads/ci4-blog/app/Views/pages/form-details.php(1): CodeIgniter\Debug\Exceptions->errorHandler()
#1 /home/alfath2/Downloads/ci4-blog/system/View/View.php(210): include('/home/alfath2/D...')
#2 /home/alfath2/Downloads/ci4-blog/system/View/View.php(213): CodeIgniter\View\View->CodeIgniter\View\{closure}()
#3 /home/alfath2/Downloads/ci4-blog/system/Common.php(1089): CodeIgniter\View\View->render()
#4 /home/alfath2/Downloads/ci4-blog/app/Controllers/Form.php(68): view()
#5 /home/alfath2/Downloads/ci4-blog/system/CodeIgniter.php(825): App\Controllers\Form->view()
#6 /home/alfath2/Downloads/ci4-blog/system/CodeIgniter.php(412): CodeIgniter\CodeIgniter->runController()
#7 /home/alfath2/Downloads/ci4-blog/system/CodeIgniter.php(320): CodeIgniter\CodeIgniter->handleRequest()
#8 /home/alfath2/Downloads/ci4-blog/public/index.php(37): CodeIgniter\CodeIgniter->run()
#9 /home/alfath2/Downloads/ci4-blog/system/Commands/Server/rewrite.php(43): require_once('/home/alfath2/D...')
#10 {main}
CRITICAL - 2022-01-11 00:19:32 --> Trying to get property 'title' of non-object
#0 /home/alfath2/Downloads/ci4-blog/app/Views/pages/form-details.php(1): CodeIgniter\Debug\Exceptions->errorHandler()
#1 /home/alfath2/Downloads/ci4-blog/system/View/View.php(210): include('/home/alfath2/D...')
#2 /home/alfath2/Downloads/ci4-blog/system/View/View.php(213): CodeIgniter\View\View->CodeIgniter\View\{closure}()
#3 /home/alfath2/Downloads/ci4-blog/system/Common.php(1089): CodeIgniter\View\View->render()
#4 /home/alfath2/Downloads/ci4-blog/app/Controllers/Form.php(68): view()
#5 /home/alfath2/Downloads/ci4-blog/system/CodeIgniter.php(825): App\Controllers\Form->view()
#6 /home/alfath2/Downloads/ci4-blog/system/CodeIgniter.php(412): CodeIgniter\CodeIgniter->runController()
#7 /home/alfath2/Downloads/ci4-blog/system/CodeIgniter.php(320): CodeIgniter\CodeIgniter->handleRequest()
#8 /home/alfath2/Downloads/ci4-blog/public/index.php(37): CodeIgniter\CodeIgniter->run()
#9 /home/alfath2/Downloads/ci4-blog/system/Commands/Server/rewrite.php(43): require_once('/home/alfath2/D...')
#10 {main}
CRITICAL - 2022-01-11 00:21:30 --> The original file is not a valid file.
#0 /home/alfath2/Downloads/ci4-blog/system/HTTP/Files/UploadedFile.php(137): CodeIgniter\HTTP\Exceptions\HTTPException::forInvalidFile()
#1 /home/alfath2/Downloads/ci4-blog/app/Controllers/Form.php(44): CodeIgniter\HTTP\Files\UploadedFile->move()
#2 /home/alfath2/Downloads/ci4-blog/system/CodeIgniter.php(825): App\Controllers\Form->storeMultipleFile()
#3 /home/alfath2/Downloads/ci4-blog/system/CodeIgniter.php(412): CodeIgniter\CodeIgniter->runController()
#4 /home/alfath2/Downloads/ci4-blog/system/CodeIgniter.php(320): CodeIgniter\CodeIgniter->handleRequest()
#5 /home/alfath2/Downloads/ci4-blog/public/index.php(37): CodeIgniter\CodeIgniter->run()
#6 /home/alfath2/Downloads/ci4-blog/system/Commands/Server/rewrite.php(43): require_once('/home/alfath2/D...')
#7 {main}
CRITICAL - 2022-01-11 00:21:49 --> syntax error, unexpected '.'
#0 /home/alfath2/Downloads/ci4-blog/system/View/View.php(213): CodeIgniter\View\View->CodeIgniter\View\{closure}()
#1 /home/alfath2/Downloads/ci4-blog/system/Common.php(1089): CodeIgniter\View\View->render()
#2 /home/alfath2/Downloads/ci4-blog/app/Controllers/Form.php(68): view()
#3 /home/alfath2/Downloads/ci4-blog/system/CodeIgniter.php(825): App\Controllers\Form->view()
#4 /home/alfath2/Downloads/ci4-blog/system/CodeIgniter.php(412): CodeIgniter\CodeIgniter->runController()
#5 /home/alfath2/Downloads/ci4-blog/system/CodeIgniter.php(320): CodeIgniter\CodeIgniter->handleRequest()
#6 /home/alfath2/Downloads/ci4-blog/public/index.php(37): CodeIgniter\CodeIgniter->run()
#7 /home/alfath2/Downloads/ci4-blog/system/Commands/Server/rewrite.php(43): require_once('/home/alfath2/D...')
#8 {main}
CRITICAL - 2022-01-11 00:22:00 --> syntax error, unexpected '.'
#0 /home/alfath2/Downloads/ci4-blog/system/View/View.php(213): CodeIgniter\View\View->CodeIgniter\View\{closure}()
#1 /home/alfath2/Downloads/ci4-blog/system/Common.php(1089): CodeIgniter\View\View->render()
#2 /home/alfath2/Downloads/ci4-blog/app/Controllers/Form.php(68): view()
#3 /home/alfath2/Downloads/ci4-blog/system/CodeIgniter.php(825): App\Controllers\Form->view()
#4 /home/alfath2/Downloads/ci4-blog/system/CodeIgniter.php(412): CodeIgniter\CodeIgniter->runController()
#5 /home/alfath2/Downloads/ci4-blog/system/CodeIgniter.php(320): CodeIgniter\CodeIgniter->handleRequest()
#6 /home/alfath2/Downloads/ci4-blog/public/index.php(37): CodeIgniter\CodeIgniter->run()
#7 /home/alfath2/Downloads/ci4-blog/system/Commands/Server/rewrite.php(43): require_once('/home/alfath2/D...')
#8 {main}
CRITICAL - 2022-01-11 00:23:23 --> Trying to get property 'title' of non-object
#0 /home/alfath2/Downloads/ci4-blog/app/Views/pages/form-details.php(1): CodeIgniter\Debug\Exceptions->errorHandler()
#1 /home/alfath2/Downloads/ci4-blog/system/View/View.php(210): include('/home/alfath2/D...')
#2 /home/alfath2/Downloads/ci4-blog/system/View/View.php(213): CodeIgniter\View\View->CodeIgniter\View\{closure}()
#3 /home/alfath2/Downloads/ci4-blog/system/Common.php(1089): CodeIgniter\View\View->render()
#4 /home/alfath2/Downloads/ci4-blog/app/Controllers/Form.php(68): view()
#5 /home/alfath2/Downloads/ci4-blog/system/CodeIgniter.php(825): App\Controllers\Form->view()
#6 /home/alfath2/Downloads/ci4-blog/system/CodeIgniter.php(412): CodeIgniter\CodeIgniter->runController()
#7 /home/alfath2/Downloads/ci4-blog/system/CodeIgniter.php(320): CodeIgniter\CodeIgniter->handleRequest()
#8 /home/alfath2/Downloads/ci4-blog/public/index.php(37): CodeIgniter\CodeIgniter->run()
#9 /home/alfath2/Downloads/ci4-blog/system/Commands/Server/rewrite.php(43): require_once('/home/alfath2/D...')
#10 {main}
CRITICAL - 2022-01-11 20:58:38 --> Trying to get property 'title' of non-object
#0 /home/alfath2/Downloads/ci4-blog/app/Views/pages/form-details.php(1): CodeIgniter\Debug\Exceptions->errorHandler()
#1 /home/alfath2/Downloads/ci4-blog/system/View/View.php(210): include('/home/alfath2/D...')
#2 /home/alfath2/Downloads/ci4-blog/system/View/View.php(213): CodeIgniter\View\View->CodeIgniter\View\{closure}()
#3 /home/alfath2/Downloads/ci4-blog/system/Common.php(1089): CodeIgniter\View\View->render()
#4 /home/alfath2/Downloads/ci4-blog/app/Controllers/Form.php(68): view()
#5 /home/alfath2/Downloads/ci4-blog/system/CodeIgniter.php(825): App\Controllers\Form->view()
#6 /home/alfath2/Downloads/ci4-blog/system/CodeIgniter.php(412): CodeIgniter\CodeIgniter->runController()
#7 /home/alfath2/Downloads/ci4-blog/system/CodeIgniter.php(320): CodeIgniter\CodeIgniter->handleRequest()
#8 /home/alfath2/Downloads/ci4-blog/public/index.php(37): CodeIgniter\CodeIgniter->run()
#9 /home/alfath2/Downloads/ci4-blog/system/Commands/Server/rewrite.php(43): require_once('/home/alfath2/D...')
#10 {main}
CRITICAL - 2022-01-11 21:02:11 --> syntax error, unexpected '$lastRow' (T_VARIABLE), expecting ']'
#0 /home/alfath2/Downloads/ci4-blog/system/Autoloader/Autoloader.php(241): CodeIgniter\Autoloader\Autoloader->includeFile()
#1 /home/alfath2/Downloads/ci4-blog/system/Autoloader/Autoloader.php(219): CodeIgniter\Autoloader\Autoloader->loadInNamespace()
#2 [internal function]: CodeIgniter\Autoloader\Autoloader->loadClass()
#3 [internal function]: spl_autoload_call()
#4 /home/alfath2/Downloads/ci4-blog/system/CodeIgniter.php(790): class_exists()
#5 /home/alfath2/Downloads/ci4-blog/system/CodeIgniter.php(399): CodeIgniter\CodeIgniter->startController()
#6 /home/alfath2/Downloads/ci4-blog/system/CodeIgniter.php(320): CodeIgniter\CodeIgniter->handleRequest()
#7 /home/alfath2/Downloads/ci4-blog/public/index.php(37): CodeIgniter\CodeIgniter->run()
#8 /home/alfath2/Downloads/ci4-blog/system/Commands/Server/rewrite.php(43): require_once('/home/alfath2/D...')
#9 {main}
CRITICAL - 2022-01-11 21:02:35 --> syntax error, unexpected 'echo' (T_ECHO)
#0 /home/alfath2/Downloads/ci4-blog/system/Autoloader/Autoloader.php(241): CodeIgniter\Autoloader\Autoloader->includeFile()
#1 /home/alfath2/Downloads/ci4-blog/system/Autoloader/Autoloader.php(219): CodeIgniter\Autoloader\Autoloader->loadInNamespace()
#2 [internal function]: CodeIgniter\Autoloader\Autoloader->loadClass()
#3 [internal function]: spl_autoload_call()
#4 /home/alfath2/Downloads/ci4-blog/system/CodeIgniter.php(790): class_exists()
#5 /home/alfath2/Downloads/ci4-blog/system/CodeIgniter.php(399): CodeIgniter\CodeIgniter->startController()
#6 /home/alfath2/Downloads/ci4-blog/system/CodeIgniter.php(320): CodeIgniter\CodeIgniter->handleRequest()
#7 /home/alfath2/Downloads/ci4-blog/public/index.php(37): CodeIgniter\CodeIgniter->run()
#8 /home/alfath2/Downloads/ci4-blog/system/Commands/Server/rewrite.php(43): require_once('/home/alfath2/D...')
#9 {main}
CRITICAL - 2022-01-11 21:02:36 --> syntax error, unexpected 'echo' (T_ECHO)
#0 /home/alfath2/Downloads/ci4-blog/system/Autoloader/Autoloader.php(241): CodeIgniter\Autoloader\Autoloader->includeFile()
#1 /home/alfath2/Downloads/ci4-blog/system/Autoloader/Autoloader.php(219): CodeIgniter\Autoloader\Autoloader->loadInNamespace()
#2 [internal function]: CodeIgniter\Autoloader\Autoloader->loadClass()
#3 [internal function]: spl_autoload_call()
#4 /home/alfath2/Downloads/ci4-blog/system/CodeIgniter.php(790): class_exists()
#5 /home/alfath2/Downloads/ci4-blog/system/CodeIgniter.php(399): CodeIgniter\CodeIgniter->startController()
#6 /home/alfath2/Downloads/ci4-blog/system/CodeIgniter.php(320): CodeIgniter\CodeIgniter->handleRequest()
#7 /home/alfath2/Downloads/ci4-blog/public/index.php(37): CodeIgniter\CodeIgniter->run()
#8 /home/alfath2/Downloads/ci4-blog/system/Commands/Server/rewrite.php(43): require_once('/home/alfath2/D...')
#9 {main}
CRITICAL - 2022-01-11 21:02:37 --> syntax error, unexpected 'echo' (T_ECHO)
#0 /home/alfath2/Downloads/ci4-blog/system/Autoloader/Autoloader.php(241): CodeIgniter\Autoloader\Autoloader->includeFile()
#1 /home/alfath2/Downloads/ci4-blog/system/Autoloader/Autoloader.php(219): CodeIgniter\Autoloader\Autoloader->loadInNamespace()
#2 [internal function]: CodeIgniter\Autoloader\Autoloader->loadClass()
#3 [internal function]: spl_autoload_call()
#4 /home/alfath2/Downloads/ci4-blog/system/CodeIgniter.php(790): class_exists()
#5 /home/alfath2/Downloads/ci4-blog/system/CodeIgniter.php(399): CodeIgniter\CodeIgniter->startController()
#6 /home/alfath2/Downloads/ci4-blog/system/CodeIgniter.php(320): CodeIgniter\CodeIgniter->handleRequest()
#7 /home/alfath2/Downloads/ci4-blog/public/index.php(37): CodeIgniter\CodeIgniter->run()
#8 /home/alfath2/Downloads/ci4-blog/system/Commands/Server/rewrite.php(43): require_once('/home/alfath2/D...')
#9 {main}
CRITICAL - 2022-01-11 21:03:24 --> Call to undefined method CodeIgniter\Database\MySQLi\Builder::last_row()
#0 /home/alfath2/Downloads/ci4-blog/system/CodeIgniter.php(825): App\Controllers\Form->storeMultipleFile()
#1 /home/alfath2/Downloads/ci4-blog/system/CodeIgniter.php(412): CodeIgniter\CodeIgniter->runController()
#2 /home/alfath2/Downloads/ci4-blog/system/CodeIgniter.php(320): CodeIgniter\CodeIgniter->handleRequest()
#3 /home/alfath2/Downloads/ci4-blog/public/index.php(37): CodeIgniter\CodeIgniter->run()
#4 /home/alfath2/Downloads/ci4-blog/system/Commands/Server/rewrite.php(43): require_once('/home/alfath2/D...')
#5 {main}
CRITICAL - 2022-01-11 21:08:39 --> syntax error, unexpected 'echo' (T_ECHO)
#0 /home/alfath2/Downloads/ci4-blog/system/Router/Router.php(175): CodeIgniter\Router\Router->autoRoute()
#1 /home/alfath2/Downloads/ci4-blog/system/CodeIgniter.php(719): CodeIgniter\Router\Router->handle()
#2 /home/alfath2/Downloads/ci4-blog/system/CodeIgniter.php(361): CodeIgniter\CodeIgniter->tryToRouteIt()
#3 /home/alfath2/Downloads/ci4-blog/system/CodeIgniter.php(320): CodeIgniter\CodeIgniter->handleRequest()
#4 /home/alfath2/Downloads/ci4-blog/public/index.php(37): CodeIgniter\CodeIgniter->run()
#5 /home/alfath2/Downloads/ci4-blog/system/Commands/Server/rewrite.php(43): require_once('/home/alfath2/D...')
#6 {main}
CRITICAL - 2022-01-11 21:13:16 --> Call to undefined method CodeIgniter\Database\MySQLi\Builder::getLastRow()
#0 /home/alfath2/Downloads/ci4-blog/system/CodeIgniter.php(825): App\Controllers\Form->storeMultipleFile()
#1 /home/alfath2/Downloads/ci4-blog/system/CodeIgniter.php(412): CodeIgniter\CodeIgniter->runController()
#2 /home/alfath2/Downloads/ci4-blog/system/CodeIgniter.php(320): CodeIgniter\CodeIgniter->handleRequest()
#3 /home/alfath2/Downloads/ci4-blog/public/index.php(37): CodeIgniter\CodeIgniter->run()
#4 /home/alfath2/Downloads/ci4-blog/system/Commands/Server/rewrite.php(43): require_once('/home/alfath2/D...')
#5 {main}
CRITICAL - 2022-01-11 21:14:56 --> syntax error, unexpected 'echo' (T_ECHO)
#0 /home/alfath2/Downloads/ci4-blog/system/Autoloader/Autoloader.php(241): CodeIgniter\Autoloader\Autoloader->includeFile()
#1 /home/alfath2/Downloads/ci4-blog/system/Autoloader/Autoloader.php(219): CodeIgniter\Autoloader\Autoloader->loadInNamespace()
#2 [internal function]: CodeIgniter\Autoloader\Autoloader->loadClass()
#3 [internal function]: spl_autoload_call()
#4 /home/alfath2/Downloads/ci4-blog/system/CodeIgniter.php(790): class_exists()
#5 /home/alfath2/Downloads/ci4-blog/system/CodeIgniter.php(399): CodeIgniter\CodeIgniter->startController()
#6 /home/alfath2/Downloads/ci4-blog/system/CodeIgniter.php(320): CodeIgniter\CodeIgniter->handleRequest()
#7 /home/alfath2/Downloads/ci4-blog/public/index.php(37): CodeIgniter\CodeIgniter->run()
#8 /home/alfath2/Downloads/ci4-blog/system/Commands/Server/rewrite.php(43): require_once('/home/alfath2/D...')
#9 {main}
CRITICAL - 2022-01-11 21:15:14 --> syntax error, unexpected 'echo' (T_ECHO)
#0 /home/alfath2/Downloads/ci4-blog/system/Autoloader/Autoloader.php(241): CodeIgniter\Autoloader\Autoloader->includeFile()
#1 /home/alfath2/Downloads/ci4-blog/system/Autoloader/Autoloader.php(219): CodeIgniter\Autoloader\Autoloader->loadInNamespace()
#2 [internal function]: CodeIgniter\Autoloader\Autoloader->loadClass()
#3 [internal function]: spl_autoload_call()
#4 /home/alfath2/Downloads/ci4-blog/system/CodeIgniter.php(790): class_exists()
#5 /home/alfath2/Downloads/ci4-blog/system/CodeIgniter.php(399): CodeIgniter\CodeIgniter->startController()
#6 /home/alfath2/Downloads/ci4-blog/system/CodeIgniter.php(320): CodeIgniter\CodeIgniter->handleRequest()
#7 /home/alfath2/Downloads/ci4-blog/public/index.php(37): CodeIgniter\CodeIgniter->run()
#8 /home/alfath2/Downloads/ci4-blog/system/Commands/Server/rewrite.php(43): require_once('/home/alfath2/D...')
#9 {main}
CRITICAL - 2022-01-11 21:15:54 --> Call to undefined method CodeIgniter\Database\MySQLi\Builder::getLastRow()
#0 /home/alfath2/Downloads/ci4-blog/system/CodeIgniter.php(825): App\Controllers\Form->storeMultipleFile()
#1 /home/alfath2/Downloads/ci4-blog/system/CodeIgniter.php(412): CodeIgniter\CodeIgniter->runController()
#2 /home/alfath2/Downloads/ci4-blog/system/CodeIgniter.php(320): CodeIgniter\CodeIgniter->handleRequest()
#3 /home/alfath2/Downloads/ci4-blog/public/index.php(37): CodeIgniter\CodeIgniter->run()
#4 /home/alfath2/Downloads/ci4-blog/system/Commands/Server/rewrite.php(43): require_once('/home/alfath2/D...')
#5 {main}
CRITICAL - 2022-01-11 21:16:26 --> Call to undefined method CodeIgniter\Database\MySQLi\Builder::getLastRow()
#0 /home/alfath2/Downloads/ci4-blog/system/CodeIgniter.php(825): App\Controllers\Form->storeMultipleFile()
#1 /home/alfath2/Downloads/ci4-blog/system/CodeIgniter.php(412): CodeIgniter\CodeIgniter->runController()
#2 /home/alfath2/Downloads/ci4-blog/system/CodeIgniter.php(320): CodeIgniter\CodeIgniter->handleRequest()
#3 /home/alfath2/Downloads/ci4-blog/public/index.php(37): CodeIgniter\CodeIgniter->run()
#4 /home/alfath2/Downloads/ci4-blog/system/Commands/Server/rewrite.php(43): require_once('/home/alfath2/D...')
#5 {main}
CRITICAL - 2022-01-11 21:23:39 --> Call to undefined method CodeIgniter\Database\MySQLi\Builder::getLastRow()
#0 /home/alfath2/Downloads/ci4-blog/system/CodeIgniter.php(825): App\Controllers\Form->storeMultipleFile()
#1 /home/alfath2/Downloads/ci4-blog/system/CodeIgniter.php(412): CodeIgniter\CodeIgniter->runController()
#2 /home/alfath2/Downloads/ci4-blog/system/CodeIgniter.php(320): CodeIgniter\CodeIgniter->handleRequest()
#3 /home/alfath2/Downloads/ci4-blog/public/index.php(37): CodeIgniter\CodeIgniter->run()
#4 /home/alfath2/Downloads/ci4-blog/system/Commands/Server/rewrite.php(43): require_once('/home/alfath2/D...')
#5 {main}
CRITICAL - 2022-01-11 21:28:38 --> Call to undefined method CodeIgniter\Database\MySQLi\Builder::getLastRow()
#0 /home/alfath2/Downloads/ci4-blog/system/CodeIgniter.php(825): App\Controllers\Form->storeMultipleFile()
#1 /home/alfath2/Downloads/ci4-blog/system/CodeIgniter.php(412): CodeIgniter\CodeIgniter->runController()
#2 /home/alfath2/Downloads/ci4-blog/system/CodeIgniter.php(320): CodeIgniter\CodeIgniter->handleRequest()
#3 /home/alfath2/Downloads/ci4-blog/public/index.php(37): CodeIgniter\CodeIgniter->run()
#4 /home/alfath2/Downloads/ci4-blog/system/Commands/Server/rewrite.php(43): require_once('/home/alfath2/D...')
#5 {main}
CRITICAL - 2022-01-11 21:29:04 --> Trying to get property 'title' of non-object
#0 /home/alfath2/Downloads/ci4-blog/app/Views/pages/form-details.php(1): CodeIgniter\Debug\Exceptions->errorHandler()
#1 /home/alfath2/Downloads/ci4-blog/system/View/View.php(210): include('/home/alfath2/D...')
#2 /home/alfath2/Downloads/ci4-blog/system/View/View.php(213): CodeIgniter\View\View->CodeIgniter\View\{closure}()
#3 /home/alfath2/Downloads/ci4-blog/system/Common.php(1089): CodeIgniter\View\View->render()
#4 /home/alfath2/Downloads/ci4-blog/app/Controllers/Form.php(70): view()
#5 /home/alfath2/Downloads/ci4-blog/system/CodeIgniter.php(825): App\Controllers\Form->view()
#6 /home/alfath2/Downloads/ci4-blog/system/CodeIgniter.php(412): CodeIgniter\CodeIgniter->runController()
#7 /home/alfath2/Downloads/ci4-blog/system/CodeIgniter.php(320): CodeIgniter\CodeIgniter->handleRequest()
#8 /home/alfath2/Downloads/ci4-blog/public/index.php(37): CodeIgniter\CodeIgniter->run()
#9 /home/alfath2/Downloads/ci4-blog/system/Commands/Server/rewrite.php(43): require_once('/home/alfath2/D...')
#10 {main}
CRITICAL - 2022-01-11 21:30:01 --> syntax error, unexpected 'echo' (T_ECHO)
#0 /home/alfath2/Downloads/ci4-blog/system/Router/Router.php(175): CodeIgniter\Router\Router->autoRoute()
#1 /home/alfath2/Downloads/ci4-blog/system/CodeIgniter.php(719): CodeIgniter\Router\Router->handle()
#2 /home/alfath2/Downloads/ci4-blog/system/CodeIgniter.php(361): CodeIgniter\CodeIgniter->tryToRouteIt()
#3 /home/alfath2/Downloads/ci4-blog/system/CodeIgniter.php(320): CodeIgniter\CodeIgniter->handleRequest()
#4 /home/alfath2/Downloads/ci4-blog/public/index.php(37): CodeIgniter\CodeIgniter->run()
#5 /home/alfath2/Downloads/ci4-blog/system/Commands/Server/rewrite.php(43): require_once('/home/alfath2/D...')
#6 {main}
