CRITICAL - 2022-01-27 00:25:07 --> Can't use method return value in write context
#0 [internal function]: CodeIgniter\Debug\Exceptions->shutdownHandler()
#1 {main}
CRITICAL - 2022-01-27 00:25:40 --> Can't use method return value in write context
#0 [internal function]: CodeIgniter\Debug\Exceptions->shutdownHandler()
#1 {main}
CRITICAL - 2022-01-27 00:25:41 --> Can't use method return value in write context
#0 [internal function]: CodeIgniter\Debug\Exceptions->shutdownHandler()
#1 {main}
CRITICAL - 2022-01-27 06:27:07 --> Call to undefined method CodeIgniter\Database\MySQLi\Result::orderBy()
#0 /home/alfath2/Downloads/ci4-blog/system/CodeIgniter.php(825): App\Controllers\Users->show_user()
#1 /home/alfath2/Downloads/ci4-blog/system/CodeIgniter.php(412): CodeIgniter\CodeIgniter->runController()
#2 /home/alfath2/Downloads/ci4-blog/system/CodeIgniter.php(320): CodeIgniter\CodeIgniter->handleRequest()
#3 /home/alfath2/Downloads/ci4-blog/public/index.php(37): CodeIgniter\CodeIgniter->run()
#4 /home/alfath2/Downloads/ci4-blog/system/Commands/Server/rewrite.php(43): require_once('/home/alfath2/D...')
#5 {main}
CRITICAL - 2022-01-27 06:29:51 --> Call to undefined method CodeIgniter\Database\MySQLi\Result::orderBy()
#0 /home/alfath2/Downloads/ci4-blog/system/CodeIgniter.php(825): App\Controllers\Users->show_user()
#1 /home/alfath2/Downloads/ci4-blog/system/CodeIgniter.php(412): CodeIgniter\CodeIgniter->runController()
#2 /home/alfath2/Downloads/ci4-blog/system/CodeIgniter.php(320): CodeIgniter\CodeIgniter->handleRequest()
#3 /home/alfath2/Downloads/ci4-blog/public/index.php(37): CodeIgniter\CodeIgniter->run()
#4 /home/alfath2/Downloads/ci4-blog/system/Commands/Server/rewrite.php(43): require_once('/home/alfath2/D...')
#5 {main}
CRITICAL - 2022-01-27 06:29:52 --> Call to undefined method CodeIgniter\Database\MySQLi\Result::orderBy()
#0 /home/alfath2/Downloads/ci4-blog/system/CodeIgniter.php(825): App\Controllers\Users->show_user()
#1 /home/alfath2/Downloads/ci4-blog/system/CodeIgniter.php(412): CodeIgniter\CodeIgniter->runController()
#2 /home/alfath2/Downloads/ci4-blog/system/CodeIgniter.php(320): CodeIgniter\CodeIgniter->handleRequest()
#3 /home/alfath2/Downloads/ci4-blog/public/index.php(37): CodeIgniter\CodeIgniter->run()
#4 /home/alfath2/Downloads/ci4-blog/system/Commands/Server/rewrite.php(43): require_once('/home/alfath2/D...')
#5 {main}
CRITICAL - 2022-01-27 06:29:52 --> Call to undefined method CodeIgniter\Database\MySQLi\Result::orderBy()
#0 /home/alfath2/Downloads/ci4-blog/system/CodeIgniter.php(825): App\Controllers\Users->show_user()
#1 /home/alfath2/Downloads/ci4-blog/system/CodeIgniter.php(412): CodeIgniter\CodeIgniter->runController()
#2 /home/alfath2/Downloads/ci4-blog/system/CodeIgniter.php(320): CodeIgniter\CodeIgniter->handleRequest()
#3 /home/alfath2/Downloads/ci4-blog/public/index.php(37): CodeIgniter\CodeIgniter->run()
#4 /home/alfath2/Downloads/ci4-blog/system/Commands/Server/rewrite.php(43): require_once('/home/alfath2/D...')
#5 {main}
CRITICAL - 2022-01-27 06:29:52 --> Call to undefined method CodeIgniter\Database\MySQLi\Result::orderBy()
#0 /home/alfath2/Downloads/ci4-blog/system/CodeIgniter.php(825): App\Controllers\Users->show_user()
#1 /home/alfath2/Downloads/ci4-blog/system/CodeIgniter.php(412): CodeIgniter\CodeIgniter->runController()
#2 /home/alfath2/Downloads/ci4-blog/system/CodeIgniter.php(320): CodeIgniter\CodeIgniter->handleRequest()
#3 /home/alfath2/Downloads/ci4-blog/public/index.php(37): CodeIgniter\CodeIgniter->run()
#4 /home/alfath2/Downloads/ci4-blog/system/Commands/Server/rewrite.php(43): require_once('/home/alfath2/D...')
#5 {main}
CRITICAL - 2022-01-27 06:32:44 --> syntax error, unexpected 'return' (T_RETURN)
#0 /home/alfath2/Downloads/ci4-blog/system/Router/Router.php(175): CodeIgniter\Router\Router->autoRoute()
#1 /home/alfath2/Downloads/ci4-blog/system/CodeIgniter.php(719): CodeIgniter\Router\Router->handle()
#2 /home/alfath2/Downloads/ci4-blog/system/CodeIgniter.php(361): CodeIgniter\CodeIgniter->tryToRouteIt()
#3 /home/alfath2/Downloads/ci4-blog/system/CodeIgniter.php(320): CodeIgniter\CodeIgniter->handleRequest()
#4 /home/alfath2/Downloads/ci4-blog/public/index.php(37): CodeIgniter\CodeIgniter->run()
#5 /home/alfath2/Downloads/ci4-blog/system/Commands/Server/rewrite.php(43): require_once('/home/alfath2/D...')
#6 {main}
CRITICAL - 2022-01-27 06:33:01 --> syntax error, unexpected 'redirect' (T_STRING)
#0 /home/alfath2/Downloads/ci4-blog/system/Router/Router.php(175): CodeIgniter\Router\Router->autoRoute()
#1 /home/alfath2/Downloads/ci4-blog/system/CodeIgniter.php(719): CodeIgniter\Router\Router->handle()
#2 /home/alfath2/Downloads/ci4-blog/system/CodeIgniter.php(361): CodeIgniter\CodeIgniter->tryToRouteIt()
#3 /home/alfath2/Downloads/ci4-blog/system/CodeIgniter.php(320): CodeIgniter\CodeIgniter->handleRequest()
#4 /home/alfath2/Downloads/ci4-blog/public/index.php(37): CodeIgniter\CodeIgniter->run()
#5 /home/alfath2/Downloads/ci4-blog/system/Commands/Server/rewrite.php(43): require_once('/home/alfath2/D...')
#6 {main}
CRITICAL - 2022-01-27 06:37:56 --> Call to a member function redirect() on bool
#0 /home/alfath2/Downloads/ci4-blog/system/CodeIgniter.php(825): App\Controllers\Posts->delete()
#1 /home/alfath2/Downloads/ci4-blog/system/CodeIgniter.php(412): CodeIgniter\CodeIgniter->runController()
#2 /home/alfath2/Downloads/ci4-blog/system/CodeIgniter.php(320): CodeIgniter\CodeIgniter->handleRequest()
#3 /home/alfath2/Downloads/ci4-blog/public/index.php(37): CodeIgniter\CodeIgniter->run()
#4 /home/alfath2/Downloads/ci4-blog/system/Commands/Server/rewrite.php(43): require_once('/home/alfath2/D...')
#5 {main}
CRITICAL - 2022-01-27 06:40:04 --> Trying to get property 'name' of non-object
#0 /home/alfath2/Downloads/ci4-blog/app/Views/users/user_detail.php(6): CodeIgniter\Debug\Exceptions->errorHandler()
#1 /home/alfath2/Downloads/ci4-blog/system/View/View.php(210): include('/home/alfath2/D...')
#2 /home/alfath2/Downloads/ci4-blog/system/View/View.php(213): CodeIgniter\View\View->CodeIgniter\View\{closure}()
#3 /home/alfath2/Downloads/ci4-blog/system/Common.php(1089): CodeIgniter\View\View->render()
#4 /home/alfath2/Downloads/ci4-blog/app/Controllers/Users.php(108): view()
#5 /home/alfath2/Downloads/ci4-blog/system/CodeIgniter.php(825): App\Controllers\Users->show_user()
#6 /home/alfath2/Downloads/ci4-blog/system/CodeIgniter.php(412): CodeIgniter\CodeIgniter->runController()
#7 /home/alfath2/Downloads/ci4-blog/system/CodeIgniter.php(320): CodeIgniter\CodeIgniter->handleRequest()
#8 /home/alfath2/Downloads/ci4-blog/public/index.php(37): CodeIgniter\CodeIgniter->run()
#9 /home/alfath2/Downloads/ci4-blog/system/Commands/Server/rewrite.php(43): require_once('/home/alfath2/D...')
#10 {main}
CRITICAL - 2022-01-27 07:17:25 --> syntax error, unexpected '<'
#0 /home/alfath2/Downloads/ci4-blog/system/View/View.php(213): CodeIgniter\View\View->CodeIgniter\View\{closure}()
#1 /home/alfath2/Downloads/ci4-blog/system/Common.php(1089): CodeIgniter\View\View->render()
#2 /home/alfath2/Downloads/ci4-blog/app/Controllers/Users.php(108): view()
#3 /home/alfath2/Downloads/ci4-blog/system/CodeIgniter.php(825): App\Controllers\Users->show_user()
#4 /home/alfath2/Downloads/ci4-blog/system/CodeIgniter.php(412): CodeIgniter\CodeIgniter->runController()
#5 /home/alfath2/Downloads/ci4-blog/system/CodeIgniter.php(320): CodeIgniter\CodeIgniter->handleRequest()
#6 /home/alfath2/Downloads/ci4-blog/public/index.php(37): CodeIgniter\CodeIgniter->run()
#7 /home/alfath2/Downloads/ci4-blog/system/Commands/Server/rewrite.php(43): require_once('/home/alfath2/D...')
#8 {main}
CRITICAL - 2022-01-27 07:22:24 --> syntax error, unexpected ';', expecting ':'
#0 /home/alfath2/Downloads/ci4-blog/system/View/View.php(213): CodeIgniter\View\View->CodeIgniter\View\{closure}()
#1 /home/alfath2/Downloads/ci4-blog/system/Common.php(1089): CodeIgniter\View\View->render()
#2 /home/alfath2/Downloads/ci4-blog/app/Controllers/Home.php(17): view()
#3 /home/alfath2/Downloads/ci4-blog/system/CodeIgniter.php(825): App\Controllers\Home->index()
#4 /home/alfath2/Downloads/ci4-blog/system/CodeIgniter.php(412): CodeIgniter\CodeIgniter->runController()
#5 /home/alfath2/Downloads/ci4-blog/system/CodeIgniter.php(320): CodeIgniter\CodeIgniter->handleRequest()
#6 /home/alfath2/Downloads/ci4-blog/public/index.php(37): CodeIgniter\CodeIgniter->run()
#7 /home/alfath2/Downloads/ci4-blog/system/Commands/Server/rewrite.php(43): require_once('/home/alfath2/D...')
#8 {main}
CRITICAL - 2022-01-27 07:53:42 --> Trying to get property 'name' of non-object
#0 /home/alfath2/Downloads/ci4-blog/app/Views/users/user_detail.php(6): CodeIgniter\Debug\Exceptions->errorHandler()
#1 /home/alfath2/Downloads/ci4-blog/system/View/View.php(210): include('/home/alfath2/D...')
#2 /home/alfath2/Downloads/ci4-blog/system/View/View.php(213): CodeIgniter\View\View->CodeIgniter\View\{closure}()
#3 /home/alfath2/Downloads/ci4-blog/system/Common.php(1089): CodeIgniter\View\View->render()
#4 /home/alfath2/Downloads/ci4-blog/app/Controllers/Users.php(108): view()
#5 /home/alfath2/Downloads/ci4-blog/system/CodeIgniter.php(825): App\Controllers\Users->show_user()
#6 /home/alfath2/Downloads/ci4-blog/system/CodeIgniter.php(412): CodeIgniter\CodeIgniter->runController()
#7 /home/alfath2/Downloads/ci4-blog/system/CodeIgniter.php(320): CodeIgniter\CodeIgniter->handleRequest()
#8 /home/alfath2/Downloads/ci4-blog/public/index.php(37): CodeIgniter\CodeIgniter->run()
#9 /home/alfath2/Downloads/ci4-blog/system/Commands/Server/rewrite.php(43): require_once('/home/alfath2/D...')
#10 {main}
CRITICAL - 2022-01-27 07:53:44 --> Trying to get property 'name' of non-object
#0 /home/alfath2/Downloads/ci4-blog/app/Views/users/user_detail.php(6): CodeIgniter\Debug\Exceptions->errorHandler()
#1 /home/alfath2/Downloads/ci4-blog/system/View/View.php(210): include('/home/alfath2/D...')
#2 /home/alfath2/Downloads/ci4-blog/system/View/View.php(213): CodeIgniter\View\View->CodeIgniter\View\{closure}()
#3 /home/alfath2/Downloads/ci4-blog/system/Common.php(1089): CodeIgniter\View\View->render()
#4 /home/alfath2/Downloads/ci4-blog/app/Controllers/Users.php(108): view()
#5 /home/alfath2/Downloads/ci4-blog/system/CodeIgniter.php(825): App\Controllers\Users->show_user()
#6 /home/alfath2/Downloads/ci4-blog/system/CodeIgniter.php(412): CodeIgniter\CodeIgniter->runController()
#7 /home/alfath2/Downloads/ci4-blog/system/CodeIgniter.php(320): CodeIgniter\CodeIgniter->handleRequest()
#8 /home/alfath2/Downloads/ci4-blog/public/index.php(37): CodeIgniter\CodeIgniter->run()
#9 /home/alfath2/Downloads/ci4-blog/system/Commands/Server/rewrite.php(43): require_once('/home/alfath2/D...')
#10 {main}
CRITICAL - 2022-01-27 07:53:57 --> Trying to get property 'name' of non-object
#0 /home/alfath2/Downloads/ci4-blog/app/Views/users/user_detail.php(6): CodeIgniter\Debug\Exceptions->errorHandler()
#1 /home/alfath2/Downloads/ci4-blog/system/View/View.php(210): include('/home/alfath2/D...')
#2 /home/alfath2/Downloads/ci4-blog/system/View/View.php(213): CodeIgniter\View\View->CodeIgniter\View\{closure}()
#3 /home/alfath2/Downloads/ci4-blog/system/Common.php(1089): CodeIgniter\View\View->render()
#4 /home/alfath2/Downloads/ci4-blog/app/Controllers/Users.php(108): view()
#5 /home/alfath2/Downloads/ci4-blog/system/CodeIgniter.php(825): App\Controllers\Users->show_user()
#6 /home/alfath2/Downloads/ci4-blog/system/CodeIgniter.php(412): CodeIgniter\CodeIgniter->runController()
#7 /home/alfath2/Downloads/ci4-blog/system/CodeIgniter.php(320): CodeIgniter\CodeIgniter->handleRequest()
#8 /home/alfath2/Downloads/ci4-blog/public/index.php(37): CodeIgniter\CodeIgniter->run()
#9 /home/alfath2/Downloads/ci4-blog/system/Commands/Server/rewrite.php(43): require_once('/home/alfath2/D...')
#10 {main}
CRITICAL - 2022-01-27 07:54:06 --> Trying to get property 'name' of non-object
#0 /home/alfath2/Downloads/ci4-blog/app/Views/users/user_detail.php(6): CodeIgniter\Debug\Exceptions->errorHandler()
#1 /home/alfath2/Downloads/ci4-blog/system/View/View.php(210): include('/home/alfath2/D...')
#2 /home/alfath2/Downloads/ci4-blog/system/View/View.php(213): CodeIgniter\View\View->CodeIgniter\View\{closure}()
#3 /home/alfath2/Downloads/ci4-blog/system/Common.php(1089): CodeIgniter\View\View->render()
#4 /home/alfath2/Downloads/ci4-blog/app/Controllers/Users.php(108): view()
#5 /home/alfath2/Downloads/ci4-blog/system/CodeIgniter.php(825): App\Controllers\Users->show_user()
#6 /home/alfath2/Downloads/ci4-blog/system/CodeIgniter.php(412): CodeIgniter\CodeIgniter->runController()
#7 /home/alfath2/Downloads/ci4-blog/system/CodeIgniter.php(320): CodeIgniter\CodeIgniter->handleRequest()
#8 /home/alfath2/Downloads/ci4-blog/public/index.php(37): CodeIgniter\CodeIgniter->run()
#9 /home/alfath2/Downloads/ci4-blog/system/Commands/Server/rewrite.php(43): require_once('/home/alfath2/D...')
#10 {main}
CRITICAL - 2022-01-27 07:56:20 --> Trying to get property 'name' of non-object
#0 /home/alfath2/Downloads/ci4-blog/app/Views/users/user_detail.php(6): CodeIgniter\Debug\Exceptions->errorHandler()
#1 /home/alfath2/Downloads/ci4-blog/system/View/View.php(210): include('/home/alfath2/D...')
#2 /home/alfath2/Downloads/ci4-blog/system/View/View.php(213): CodeIgniter\View\View->CodeIgniter\View\{closure}()
#3 /home/alfath2/Downloads/ci4-blog/system/Common.php(1089): CodeIgniter\View\View->render()
#4 /home/alfath2/Downloads/ci4-blog/app/Controllers/Users.php(108): view()
#5 /home/alfath2/Downloads/ci4-blog/system/CodeIgniter.php(825): App\Controllers\Users->show_user()
#6 /home/alfath2/Downloads/ci4-blog/system/CodeIgniter.php(412): CodeIgniter\CodeIgniter->runController()
#7 /home/alfath2/Downloads/ci4-blog/system/CodeIgniter.php(320): CodeIgniter\CodeIgniter->handleRequest()
#8 /home/alfath2/Downloads/ci4-blog/public/index.php(37): CodeIgniter\CodeIgniter->run()
#9 /home/alfath2/Downloads/ci4-blog/system/Commands/Server/rewrite.php(43): require_once('/home/alfath2/D...')
#10 {main}
CRITICAL - 2022-01-27 07:57:08 --> Trying to get property 'name' of non-object
#0 /home/alfath2/Downloads/ci4-blog/app/Views/users/user_detail.php(6): CodeIgniter\Debug\Exceptions->errorHandler()
#1 /home/alfath2/Downloads/ci4-blog/system/View/View.php(210): include('/home/alfath2/D...')
#2 /home/alfath2/Downloads/ci4-blog/system/View/View.php(213): CodeIgniter\View\View->CodeIgniter\View\{closure}()
#3 /home/alfath2/Downloads/ci4-blog/system/Common.php(1089): CodeIgniter\View\View->render()
#4 /home/alfath2/Downloads/ci4-blog/app/Controllers/Users.php(108): view()
#5 /home/alfath2/Downloads/ci4-blog/system/CodeIgniter.php(825): App\Controllers\Users->show_user()
#6 /home/alfath2/Downloads/ci4-blog/system/CodeIgniter.php(412): CodeIgniter\CodeIgniter->runController()
#7 /home/alfath2/Downloads/ci4-blog/system/CodeIgniter.php(320): CodeIgniter\CodeIgniter->handleRequest()
#8 /home/alfath2/Downloads/ci4-blog/public/index.php(37): CodeIgniter\CodeIgniter->run()
#9 /home/alfath2/Downloads/ci4-blog/system/Commands/Server/rewrite.php(43): require_once('/home/alfath2/D...')
#10 {main}
CRITICAL - 2022-01-27 07:57:39 --> Trying to get property 'name' of non-object
#0 /home/alfath2/Downloads/ci4-blog/app/Views/users/user_detail.php(6): CodeIgniter\Debug\Exceptions->errorHandler()
#1 /home/alfath2/Downloads/ci4-blog/system/View/View.php(210): include('/home/alfath2/D...')
#2 /home/alfath2/Downloads/ci4-blog/system/View/View.php(213): CodeIgniter\View\View->CodeIgniter\View\{closure}()
#3 /home/alfath2/Downloads/ci4-blog/system/Common.php(1089): CodeIgniter\View\View->render()
#4 /home/alfath2/Downloads/ci4-blog/app/Controllers/Users.php(108): view()
#5 /home/alfath2/Downloads/ci4-blog/system/CodeIgniter.php(825): App\Controllers\Users->show_user()
#6 /home/alfath2/Downloads/ci4-blog/system/CodeIgniter.php(412): CodeIgniter\CodeIgniter->runController()
#7 /home/alfath2/Downloads/ci4-blog/system/CodeIgniter.php(320): CodeIgniter\CodeIgniter->handleRequest()
#8 /home/alfath2/Downloads/ci4-blog/public/index.php(37): CodeIgniter\CodeIgniter->run()
#9 /home/alfath2/Downloads/ci4-blog/system/Commands/Server/rewrite.php(43): require_once('/home/alfath2/D...')
#10 {main}
