CRITICAL - 2022-01-08 02:22:33 --> Class 'App\Controllers\Product_model' not found
#0 /home/alfath2/Downloads/ci4-blog/system/CodeIgniter.php(825): App\Controllers\Home->index()
#1 /home/alfath2/Downloads/ci4-blog/system/CodeIgniter.php(412): CodeIgniter\CodeIgniter->runController()
#2 /home/alfath2/Downloads/ci4-blog/system/CodeIgniter.php(320): CodeIgniter\CodeIgniter->handleRequest()
#3 /home/alfath2/Downloads/ci4-blog/public/index.php(37): CodeIgniter\CodeIgniter->run()
#4 /home/alfath2/Downloads/ci4-blog/system/Commands/Server/rewrite.php(43): require_once('/home/alfath2/D...')
#5 {main}
CRITICAL - 2022-01-08 02:22:56 --> Class 'App\Model\Post_model' not found
#0 /home/alfath2/Downloads/ci4-blog/system/CodeIgniter.php(825): App\Controllers\Home->index()
#1 /home/alfath2/Downloads/ci4-blog/system/CodeIgniter.php(412): CodeIgniter\CodeIgniter->runController()
#2 /home/alfath2/Downloads/ci4-blog/system/CodeIgniter.php(320): CodeIgniter\CodeIgniter->handleRequest()
#3 /home/alfath2/Downloads/ci4-blog/public/index.php(37): CodeIgniter\CodeIgniter->run()
#4 /home/alfath2/Downloads/ci4-blog/system/Commands/Server/rewrite.php(43): require_once('/home/alfath2/D...')
#5 {main}
CRITICAL - 2022-01-08 02:23:28 --> Undefined index: product_id
#0 /home/alfath2/Downloads/ci4-blog/app/Views/home.php(20): CodeIgniter\Debug\Exceptions->errorHandler()
#1 /home/alfath2/Downloads/ci4-blog/system/View/View.php(210): include('/home/alfath2/D...')
#2 /home/alfath2/Downloads/ci4-blog/system/View/View.php(213): CodeIgniter\View\View->CodeIgniter\View\{closure}()
#3 /home/alfath2/Downloads/ci4-blog/system/Common.php(1089): CodeIgniter\View\View->render()
#4 /home/alfath2/Downloads/ci4-blog/app/Controllers/Home.php(14): view()
#5 /home/alfath2/Downloads/ci4-blog/system/CodeIgniter.php(825): App\Controllers\Home->index()
#6 /home/alfath2/Downloads/ci4-blog/system/CodeIgniter.php(412): CodeIgniter\CodeIgniter->runController()
#7 /home/alfath2/Downloads/ci4-blog/system/CodeIgniter.php(320): CodeIgniter\CodeIgniter->handleRequest()
#8 /home/alfath2/Downloads/ci4-blog/public/index.php(37): CodeIgniter\CodeIgniter->run()
#9 /home/alfath2/Downloads/ci4-blog/system/Commands/Server/rewrite.php(43): require_once('/home/alfath2/D...')
#10 {main}
CRITICAL - 2022-01-08 03:00:30 --> syntax error, unexpected '$db' (T_VARIABLE), expecting function (T_FUNCTION) or const (T_CONST)
#0 /home/alfath2/Downloads/ci4-blog/system/Autoloader/Autoloader.php(241): CodeIgniter\Autoloader\Autoloader->includeFile()
#1 /home/alfath2/Downloads/ci4-blog/system/Autoloader/Autoloader.php(219): CodeIgniter\Autoloader\Autoloader->loadInNamespace()
#2 [internal function]: CodeIgniter\Autoloader\Autoloader->loadClass()
#3 /home/alfath2/Downloads/ci4-blog/app/Controllers/Home.php(10): spl_autoload_call()
#4 /home/alfath2/Downloads/ci4-blog/system/CodeIgniter.php(825): App\Controllers\Home->index()
#5 /home/alfath2/Downloads/ci4-blog/system/CodeIgniter.php(412): CodeIgniter\CodeIgniter->runController()
#6 /home/alfath2/Downloads/ci4-blog/system/CodeIgniter.php(320): CodeIgniter\CodeIgniter->handleRequest()
#7 /home/alfath2/Downloads/ci4-blog/public/index.php(37): CodeIgniter\CodeIgniter->run()
#8 /home/alfath2/Downloads/ci4-blog/system/Commands/Server/rewrite.php(43): require_once('/home/alfath2/D...')
#9 {main}
CRITICAL - 2022-01-08 03:02:01 --> Undefined property: App\Controllers\Home::$db
#0 /home/alfath2/Downloads/ci4-blog/app/Controllers/Home.php(13): CodeIgniter\Debug\Exceptions->errorHandler()
#1 /home/alfath2/Downloads/ci4-blog/system/CodeIgniter.php(825): App\Controllers\Home->index()
#2 /home/alfath2/Downloads/ci4-blog/system/CodeIgniter.php(412): CodeIgniter\CodeIgniter->runController()
#3 /home/alfath2/Downloads/ci4-blog/system/CodeIgniter.php(320): CodeIgniter\CodeIgniter->handleRequest()
#4 /home/alfath2/Downloads/ci4-blog/public/index.php(37): CodeIgniter\CodeIgniter->run()
#5 /home/alfath2/Downloads/ci4-blog/system/Commands/Server/rewrite.php(43): require_once('/home/alfath2/D...')
#6 {main}
CRITICAL - 2022-01-08 03:02:27 --> Call to undefined method CodeIgniter\Database\MySQLi\Connection::count_all()
#0 /home/alfath2/Downloads/ci4-blog/system/CodeIgniter.php(825): App\Controllers\Home->index()
#1 /home/alfath2/Downloads/ci4-blog/system/CodeIgniter.php(412): CodeIgniter\CodeIgniter->runController()
#2 /home/alfath2/Downloads/ci4-blog/system/CodeIgniter.php(320): CodeIgniter\CodeIgniter->handleRequest()
#3 /home/alfath2/Downloads/ci4-blog/public/index.php(37): CodeIgniter\CodeIgniter->run()
#4 /home/alfath2/Downloads/ci4-blog/system/Commands/Server/rewrite.php(43): require_once('/home/alfath2/D...')
#5 {main}
CRITICAL - 2022-01-08 03:02:29 --> Call to undefined method CodeIgniter\Database\MySQLi\Connection::count_all()
#0 /home/alfath2/Downloads/ci4-blog/system/CodeIgniter.php(825): App\Controllers\Home->index()
#1 /home/alfath2/Downloads/ci4-blog/system/CodeIgniter.php(412): CodeIgniter\CodeIgniter->runController()
#2 /home/alfath2/Downloads/ci4-blog/system/CodeIgniter.php(320): CodeIgniter\CodeIgniter->handleRequest()
#3 /home/alfath2/Downloads/ci4-blog/public/index.php(37): CodeIgniter\CodeIgniter->run()
#4 /home/alfath2/Downloads/ci4-blog/system/Commands/Server/rewrite.php(43): require_once('/home/alfath2/D...')
#5 {main}
CRITICAL - 2022-01-08 03:03:08 --> Call to undefined method CodeIgniter\Database\MySQLi\Connection::countAll()
#0 /home/alfath2/Downloads/ci4-blog/system/CodeIgniter.php(825): App\Controllers\Home->index()
#1 /home/alfath2/Downloads/ci4-blog/system/CodeIgniter.php(412): CodeIgniter\CodeIgniter->runController()
#2 /home/alfath2/Downloads/ci4-blog/system/CodeIgniter.php(320): CodeIgniter\CodeIgniter->handleRequest()
#3 /home/alfath2/Downloads/ci4-blog/public/index.php(37): CodeIgniter\CodeIgniter->run()
#4 /home/alfath2/Downloads/ci4-blog/system/Commands/Server/rewrite.php(43): require_once('/home/alfath2/D...')
#5 {main}
CRITICAL - 2022-01-08 03:03:09 --> Call to undefined method CodeIgniter\Database\MySQLi\Connection::countAll()
#0 /home/alfath2/Downloads/ci4-blog/system/CodeIgniter.php(825): App\Controllers\Home->index()
#1 /home/alfath2/Downloads/ci4-blog/system/CodeIgniter.php(412): CodeIgniter\CodeIgniter->runController()
#2 /home/alfath2/Downloads/ci4-blog/system/CodeIgniter.php(320): CodeIgniter\CodeIgniter->handleRequest()
#3 /home/alfath2/Downloads/ci4-blog/public/index.php(37): CodeIgniter\CodeIgniter->run()
#4 /home/alfath2/Downloads/ci4-blog/system/Commands/Server/rewrite.php(43): require_once('/home/alfath2/D...')
#5 {main}
CRITICAL - 2022-01-08 03:03:42 --> Undefined variable: config
#0 /home/alfath2/Downloads/ci4-blog/app/Controllers/Home.php(14): CodeIgniter\Debug\Exceptions->errorHandler()
#1 /home/alfath2/Downloads/ci4-blog/system/CodeIgniter.php(825): App\Controllers\Home->index()
#2 /home/alfath2/Downloads/ci4-blog/system/CodeIgniter.php(412): CodeIgniter\CodeIgniter->runController()
#3 /home/alfath2/Downloads/ci4-blog/system/CodeIgniter.php(320): CodeIgniter\CodeIgniter->handleRequest()
#4 /home/alfath2/Downloads/ci4-blog/public/index.php(37): CodeIgniter\CodeIgniter->run()
#5 /home/alfath2/Downloads/ci4-blog/system/Commands/Server/rewrite.php(43): require_once('/home/alfath2/D...')
#6 {main}
CRITICAL - 2022-01-08 03:03:43 --> Undefined variable: config
#0 /home/alfath2/Downloads/ci4-blog/app/Controllers/Home.php(14): CodeIgniter\Debug\Exceptions->errorHandler()
#1 /home/alfath2/Downloads/ci4-blog/system/CodeIgniter.php(825): App\Controllers\Home->index()
#2 /home/alfath2/Downloads/ci4-blog/system/CodeIgniter.php(412): CodeIgniter\CodeIgniter->runController()
#3 /home/alfath2/Downloads/ci4-blog/system/CodeIgniter.php(320): CodeIgniter\CodeIgniter->handleRequest()
#4 /home/alfath2/Downloads/ci4-blog/public/index.php(37): CodeIgniter\CodeIgniter->run()
#5 /home/alfath2/Downloads/ci4-blog/system/Commands/Server/rewrite.php(43): require_once('/home/alfath2/D...')
#6 {main}
CRITICAL - 2022-01-08 03:04:07 --> Undefined variable: limit
#0 /home/alfath2/Downloads/ci4-blog/app/Models/Post_model.php(12): CodeIgniter\Debug\Exceptions->errorHandler()
#1 /home/alfath2/Downloads/ci4-blog/app/Controllers/Home.php(14): App\Models\Post_model->get_posts()
#2 /home/alfath2/Downloads/ci4-blog/system/CodeIgniter.php(825): App\Controllers\Home->index()
#3 /home/alfath2/Downloads/ci4-blog/system/CodeIgniter.php(412): CodeIgniter\CodeIgniter->runController()
#4 /home/alfath2/Downloads/ci4-blog/system/CodeIgniter.php(320): CodeIgniter\CodeIgniter->handleRequest()
#5 /home/alfath2/Downloads/ci4-blog/public/index.php(37): CodeIgniter\CodeIgniter->run()
#6 /home/alfath2/Downloads/ci4-blog/system/Commands/Server/rewrite.php(43): require_once('/home/alfath2/D...')
#7 {main}
CRITICAL - 2022-01-08 03:04:08 --> Undefined variable: limit
#0 /home/alfath2/Downloads/ci4-blog/app/Models/Post_model.php(12): CodeIgniter\Debug\Exceptions->errorHandler()
#1 /home/alfath2/Downloads/ci4-blog/app/Controllers/Home.php(14): App\Models\Post_model->get_posts()
#2 /home/alfath2/Downloads/ci4-blog/system/CodeIgniter.php(825): App\Controllers\Home->index()
#3 /home/alfath2/Downloads/ci4-blog/system/CodeIgniter.php(412): CodeIgniter\CodeIgniter->runController()
#4 /home/alfath2/Downloads/ci4-blog/system/CodeIgniter.php(320): CodeIgniter\CodeIgniter->handleRequest()
#5 /home/alfath2/Downloads/ci4-blog/public/index.php(37): CodeIgniter\CodeIgniter->run()
#6 /home/alfath2/Downloads/ci4-blog/system/Commands/Server/rewrite.php(43): require_once('/home/alfath2/D...')
#7 {main}
CRITICAL - 2022-01-08 03:04:28 --> Call to undefined method CodeIgniter\Database\MySQLi\Connection::order_by()
#0 /home/alfath2/Downloads/ci4-blog/app/Controllers/Home.php(14): App\Models\Post_model->get_posts()
#1 /home/alfath2/Downloads/ci4-blog/system/CodeIgniter.php(825): App\Controllers\Home->index()
#2 /home/alfath2/Downloads/ci4-blog/system/CodeIgniter.php(412): CodeIgniter\CodeIgniter->runController()
#3 /home/alfath2/Downloads/ci4-blog/system/CodeIgniter.php(320): CodeIgniter\CodeIgniter->handleRequest()
#4 /home/alfath2/Downloads/ci4-blog/public/index.php(37): CodeIgniter\CodeIgniter->run()
#5 /home/alfath2/Downloads/ci4-blog/system/Commands/Server/rewrite.php(43): require_once('/home/alfath2/D...')
#6 {main}
CRITICAL - 2022-01-08 03:04:29 --> Call to undefined method CodeIgniter\Database\MySQLi\Connection::order_by()
#0 /home/alfath2/Downloads/ci4-blog/app/Controllers/Home.php(14): App\Models\Post_model->get_posts()
#1 /home/alfath2/Downloads/ci4-blog/system/CodeIgniter.php(825): App\Controllers\Home->index()
#2 /home/alfath2/Downloads/ci4-blog/system/CodeIgniter.php(412): CodeIgniter\CodeIgniter->runController()
#3 /home/alfath2/Downloads/ci4-blog/system/CodeIgniter.php(320): CodeIgniter\CodeIgniter->handleRequest()
#4 /home/alfath2/Downloads/ci4-blog/public/index.php(37): CodeIgniter\CodeIgniter->run()
#5 /home/alfath2/Downloads/ci4-blog/system/Commands/Server/rewrite.php(43): require_once('/home/alfath2/D...')
#6 {main}
CRITICAL - 2022-01-08 03:04:30 --> Call to undefined method CodeIgniter\Database\MySQLi\Connection::order_by()
#0 /home/alfath2/Downloads/ci4-blog/app/Controllers/Home.php(14): App\Models\Post_model->get_posts()
#1 /home/alfath2/Downloads/ci4-blog/system/CodeIgniter.php(825): App\Controllers\Home->index()
#2 /home/alfath2/Downloads/ci4-blog/system/CodeIgniter.php(412): CodeIgniter\CodeIgniter->runController()
#3 /home/alfath2/Downloads/ci4-blog/system/CodeIgniter.php(320): CodeIgniter\CodeIgniter->handleRequest()
#4 /home/alfath2/Downloads/ci4-blog/public/index.php(37): CodeIgniter\CodeIgniter->run()
#5 /home/alfath2/Downloads/ci4-blog/system/Commands/Server/rewrite.php(43): require_once('/home/alfath2/D...')
#6 {main}
CRITICAL - 2022-01-08 03:04:30 --> Call to undefined method CodeIgniter\Database\MySQLi\Connection::order_by()
#0 /home/alfath2/Downloads/ci4-blog/app/Controllers/Home.php(14): App\Models\Post_model->get_posts()
#1 /home/alfath2/Downloads/ci4-blog/system/CodeIgniter.php(825): App\Controllers\Home->index()
#2 /home/alfath2/Downloads/ci4-blog/system/CodeIgniter.php(412): CodeIgniter\CodeIgniter->runController()
#3 /home/alfath2/Downloads/ci4-blog/system/CodeIgniter.php(320): CodeIgniter\CodeIgniter->handleRequest()
#4 /home/alfath2/Downloads/ci4-blog/public/index.php(37): CodeIgniter\CodeIgniter->run()
#5 /home/alfath2/Downloads/ci4-blog/system/Commands/Server/rewrite.php(43): require_once('/home/alfath2/D...')
#6 {main}
CRITICAL - 2022-01-08 03:04:31 --> Call to undefined method CodeIgniter\Database\MySQLi\Connection::order_by()
#0 /home/alfath2/Downloads/ci4-blog/app/Controllers/Home.php(14): App\Models\Post_model->get_posts()
#1 /home/alfath2/Downloads/ci4-blog/system/CodeIgniter.php(825): App\Controllers\Home->index()
#2 /home/alfath2/Downloads/ci4-blog/system/CodeIgniter.php(412): CodeIgniter\CodeIgniter->runController()
#3 /home/alfath2/Downloads/ci4-blog/system/CodeIgniter.php(320): CodeIgniter\CodeIgniter->handleRequest()
#4 /home/alfath2/Downloads/ci4-blog/public/index.php(37): CodeIgniter\CodeIgniter->run()
#5 /home/alfath2/Downloads/ci4-blog/system/Commands/Server/rewrite.php(43): require_once('/home/alfath2/D...')
#6 {main}
CRITICAL - 2022-01-08 03:04:31 --> Call to undefined method CodeIgniter\Database\MySQLi\Connection::order_by()
#0 /home/alfath2/Downloads/ci4-blog/app/Controllers/Home.php(14): App\Models\Post_model->get_posts()
#1 /home/alfath2/Downloads/ci4-blog/system/CodeIgniter.php(825): App\Controllers\Home->index()
#2 /home/alfath2/Downloads/ci4-blog/system/CodeIgniter.php(412): CodeIgniter\CodeIgniter->runController()
#3 /home/alfath2/Downloads/ci4-blog/system/CodeIgniter.php(320): CodeIgniter\CodeIgniter->handleRequest()
#4 /home/alfath2/Downloads/ci4-blog/public/index.php(37): CodeIgniter\CodeIgniter->run()
#5 /home/alfath2/Downloads/ci4-blog/system/Commands/Server/rewrite.php(43): require_once('/home/alfath2/D...')
#6 {main}
CRITICAL - 2022-01-08 03:04:31 --> Call to undefined method CodeIgniter\Database\MySQLi\Connection::order_by()
#0 /home/alfath2/Downloads/ci4-blog/app/Controllers/Home.php(14): App\Models\Post_model->get_posts()
#1 /home/alfath2/Downloads/ci4-blog/system/CodeIgniter.php(825): App\Controllers\Home->index()
#2 /home/alfath2/Downloads/ci4-blog/system/CodeIgniter.php(412): CodeIgniter\CodeIgniter->runController()
#3 /home/alfath2/Downloads/ci4-blog/system/CodeIgniter.php(320): CodeIgniter\CodeIgniter->handleRequest()
#4 /home/alfath2/Downloads/ci4-blog/public/index.php(37): CodeIgniter\CodeIgniter->run()
#5 /home/alfath2/Downloads/ci4-blog/system/Commands/Server/rewrite.php(43): require_once('/home/alfath2/D...')
#6 {main}
CRITICAL - 2022-01-08 03:04:32 --> Call to undefined method CodeIgniter\Database\MySQLi\Connection::order_by()
#0 /home/alfath2/Downloads/ci4-blog/app/Controllers/Home.php(14): App\Models\Post_model->get_posts()
#1 /home/alfath2/Downloads/ci4-blog/system/CodeIgniter.php(825): App\Controllers\Home->index()
#2 /home/alfath2/Downloads/ci4-blog/system/CodeIgniter.php(412): CodeIgniter\CodeIgniter->runController()
#3 /home/alfath2/Downloads/ci4-blog/system/CodeIgniter.php(320): CodeIgniter\CodeIgniter->handleRequest()
#4 /home/alfath2/Downloads/ci4-blog/public/index.php(37): CodeIgniter\CodeIgniter->run()
#5 /home/alfath2/Downloads/ci4-blog/system/Commands/Server/rewrite.php(43): require_once('/home/alfath2/D...')
#6 {main}
CRITICAL - 2022-01-08 03:06:43 --> Call to undefined method CodeIgniter\Database\MySQLi\Connection::order_by()
#0 /home/alfath2/Downloads/ci4-blog/app/Controllers/Home.php(14): App\Models\Post_model->get_posts()
#1 /home/alfath2/Downloads/ci4-blog/system/CodeIgniter.php(825): App\Controllers\Home->index()
#2 /home/alfath2/Downloads/ci4-blog/system/CodeIgniter.php(412): CodeIgniter\CodeIgniter->runController()
#3 /home/alfath2/Downloads/ci4-blog/system/CodeIgniter.php(320): CodeIgniter\CodeIgniter->handleRequest()
#4 /home/alfath2/Downloads/ci4-blog/public/index.php(37): CodeIgniter\CodeIgniter->run()
#5 /home/alfath2/Downloads/ci4-blog/system/Commands/Server/rewrite.php(43): require_once('/home/alfath2/D...')
#6 {main}
CRITICAL - 2022-01-08 03:08:17 --> syntax error, unexpected 'if' (T_IF)
#0 /home/alfath2/Downloads/ci4-blog/system/Autoloader/Autoloader.php(241): CodeIgniter\Autoloader\Autoloader->includeFile()
#1 /home/alfath2/Downloads/ci4-blog/system/Autoloader/Autoloader.php(219): CodeIgniter\Autoloader\Autoloader->loadInNamespace()
#2 [internal function]: CodeIgniter\Autoloader\Autoloader->loadClass()
#3 /home/alfath2/Downloads/ci4-blog/app/Controllers/Home.php(11): spl_autoload_call()
#4 /home/alfath2/Downloads/ci4-blog/system/CodeIgniter.php(825): App\Controllers\Home->index()
#5 /home/alfath2/Downloads/ci4-blog/system/CodeIgniter.php(412): CodeIgniter\CodeIgniter->runController()
#6 /home/alfath2/Downloads/ci4-blog/system/CodeIgniter.php(320): CodeIgniter\CodeIgniter->handleRequest()
#7 /home/alfath2/Downloads/ci4-blog/public/index.php(37): CodeIgniter\CodeIgniter->run()
#8 /home/alfath2/Downloads/ci4-blog/system/Commands/Server/rewrite.php(43): require_once('/home/alfath2/D...')
#9 {main}
CRITICAL - 2022-01-08 03:08:58 --> syntax error, unexpected 'if' (T_IF)
#0 /home/alfath2/Downloads/ci4-blog/system/Autoloader/Autoloader.php(241): CodeIgniter\Autoloader\Autoloader->includeFile()
#1 /home/alfath2/Downloads/ci4-blog/system/Autoloader/Autoloader.php(219): CodeIgniter\Autoloader\Autoloader->loadInNamespace()
#2 [internal function]: CodeIgniter\Autoloader\Autoloader->loadClass()
#3 /home/alfath2/Downloads/ci4-blog/app/Controllers/Home.php(11): spl_autoload_call()
#4 /home/alfath2/Downloads/ci4-blog/system/CodeIgniter.php(825): App\Controllers\Home->index()
#5 /home/alfath2/Downloads/ci4-blog/system/CodeIgniter.php(412): CodeIgniter\CodeIgniter->runController()
#6 /home/alfath2/Downloads/ci4-blog/system/CodeIgniter.php(320): CodeIgniter\CodeIgniter->handleRequest()
#7 /home/alfath2/Downloads/ci4-blog/public/index.php(37): CodeIgniter\CodeIgniter->run()
#8 /home/alfath2/Downloads/ci4-blog/system/Commands/Server/rewrite.php(43): require_once('/home/alfath2/D...')
#9 {main}
CRITICAL - 2022-01-08 03:11:14 --> syntax error, unexpected 'if' (T_IF)
#0 /home/alfath2/Downloads/ci4-blog/system/Autoloader/Autoloader.php(241): CodeIgniter\Autoloader\Autoloader->includeFile()
#1 /home/alfath2/Downloads/ci4-blog/system/Autoloader/Autoloader.php(219): CodeIgniter\Autoloader\Autoloader->loadInNamespace()
#2 [internal function]: CodeIgniter\Autoloader\Autoloader->loadClass()
#3 /home/alfath2/Downloads/ci4-blog/app/Controllers/Home.php(11): spl_autoload_call()
#4 /home/alfath2/Downloads/ci4-blog/system/CodeIgniter.php(825): App\Controllers\Home->index()
#5 /home/alfath2/Downloads/ci4-blog/system/CodeIgniter.php(412): CodeIgniter\CodeIgniter->runController()
#6 /home/alfath2/Downloads/ci4-blog/system/CodeIgniter.php(320): CodeIgniter\CodeIgniter->handleRequest()
#7 /home/alfath2/Downloads/ci4-blog/public/index.php(37): CodeIgniter\CodeIgniter->run()
#8 /home/alfath2/Downloads/ci4-blog/system/Commands/Server/rewrite.php(43): require_once('/home/alfath2/D...')
#9 {main}
CRITICAL - 2022-01-08 03:11:15 --> syntax error, unexpected 'if' (T_IF)
#0 /home/alfath2/Downloads/ci4-blog/system/Autoloader/Autoloader.php(241): CodeIgniter\Autoloader\Autoloader->includeFile()
#1 /home/alfath2/Downloads/ci4-blog/system/Autoloader/Autoloader.php(219): CodeIgniter\Autoloader\Autoloader->loadInNamespace()
#2 [internal function]: CodeIgniter\Autoloader\Autoloader->loadClass()
#3 /home/alfath2/Downloads/ci4-blog/app/Controllers/Home.php(11): spl_autoload_call()
#4 /home/alfath2/Downloads/ci4-blog/system/CodeIgniter.php(825): App\Controllers\Home->index()
#5 /home/alfath2/Downloads/ci4-blog/system/CodeIgniter.php(412): CodeIgniter\CodeIgniter->runController()
#6 /home/alfath2/Downloads/ci4-blog/system/CodeIgniter.php(320): CodeIgniter\CodeIgniter->handleRequest()
#7 /home/alfath2/Downloads/ci4-blog/public/index.php(37): CodeIgniter\CodeIgniter->run()
#8 /home/alfath2/Downloads/ci4-blog/system/Commands/Server/rewrite.php(43): require_once('/home/alfath2/D...')
#9 {main}
CRITICAL - 2022-01-08 03:12:00 --> syntax error, unexpected 'if' (T_IF)
#0 /home/alfath2/Downloads/ci4-blog/system/Autoloader/Autoloader.php(241): CodeIgniter\Autoloader\Autoloader->includeFile()
#1 /home/alfath2/Downloads/ci4-blog/system/Autoloader/Autoloader.php(219): CodeIgniter\Autoloader\Autoloader->loadInNamespace()
#2 [internal function]: CodeIgniter\Autoloader\Autoloader->loadClass()
#3 /home/alfath2/Downloads/ci4-blog/app/Controllers/Home.php(11): spl_autoload_call()
#4 /home/alfath2/Downloads/ci4-blog/system/CodeIgniter.php(825): App\Controllers\Home->index()
#5 /home/alfath2/Downloads/ci4-blog/system/CodeIgniter.php(412): CodeIgniter\CodeIgniter->runController()
#6 /home/alfath2/Downloads/ci4-blog/system/CodeIgniter.php(320): CodeIgniter\CodeIgniter->handleRequest()
#7 /home/alfath2/Downloads/ci4-blog/public/index.php(37): CodeIgniter\CodeIgniter->run()
#8 /home/alfath2/Downloads/ci4-blog/system/Commands/Server/rewrite.php(43): require_once('/home/alfath2/D...')
#9 {main}
CRITICAL - 2022-01-08 03:13:31 --> Argument 1 passed to CodeIgniter\Database\BaseBuilder::get() must be of the type int or null, string given, called in /home/alfath2/Downloads/ci4-blog/app/Models/Post_model.php on line 16
#0 /home/alfath2/Downloads/ci4-blog/app/Models/Post_model.php(16): CodeIgniter\Database\BaseBuilder->get()
#1 /home/alfath2/Downloads/ci4-blog/app/Controllers/Home.php(14): App\Models\Post_model->get_posts()
#2 /home/alfath2/Downloads/ci4-blog/system/CodeIgniter.php(825): App\Controllers\Home->index()
#3 /home/alfath2/Downloads/ci4-blog/system/CodeIgniter.php(412): CodeIgniter\CodeIgniter->runController()
#4 /home/alfath2/Downloads/ci4-blog/system/CodeIgniter.php(320): CodeIgniter\CodeIgniter->handleRequest()
#5 /home/alfath2/Downloads/ci4-blog/public/index.php(37): CodeIgniter\CodeIgniter->run()
#6 /home/alfath2/Downloads/ci4-blog/system/Commands/Server/rewrite.php(43): require_once('/home/alfath2/D...')
#7 {main}
CRITICAL - 2022-01-08 03:13:32 --> Argument 1 passed to CodeIgniter\Database\BaseBuilder::get() must be of the type int or null, string given, called in /home/alfath2/Downloads/ci4-blog/app/Models/Post_model.php on line 16
#0 /home/alfath2/Downloads/ci4-blog/app/Models/Post_model.php(16): CodeIgniter\Database\BaseBuilder->get()
#1 /home/alfath2/Downloads/ci4-blog/app/Controllers/Home.php(14): App\Models\Post_model->get_posts()
#2 /home/alfath2/Downloads/ci4-blog/system/CodeIgniter.php(825): App\Controllers\Home->index()
#3 /home/alfath2/Downloads/ci4-blog/system/CodeIgniter.php(412): CodeIgniter\CodeIgniter->runController()
#4 /home/alfath2/Downloads/ci4-blog/system/CodeIgniter.php(320): CodeIgniter\CodeIgniter->handleRequest()
#5 /home/alfath2/Downloads/ci4-blog/public/index.php(37): CodeIgniter\CodeIgniter->run()
#6 /home/alfath2/Downloads/ci4-blog/system/Commands/Server/rewrite.php(43): require_once('/home/alfath2/D...')
#7 {main}
CRITICAL - 2022-01-08 03:13:33 --> Argument 1 passed to CodeIgniter\Database\BaseBuilder::get() must be of the type int or null, string given, called in /home/alfath2/Downloads/ci4-blog/app/Models/Post_model.php on line 16
#0 /home/alfath2/Downloads/ci4-blog/app/Models/Post_model.php(16): CodeIgniter\Database\BaseBuilder->get()
#1 /home/alfath2/Downloads/ci4-blog/app/Controllers/Home.php(14): App\Models\Post_model->get_posts()
#2 /home/alfath2/Downloads/ci4-blog/system/CodeIgniter.php(825): App\Controllers\Home->index()
#3 /home/alfath2/Downloads/ci4-blog/system/CodeIgniter.php(412): CodeIgniter\CodeIgniter->runController()
#4 /home/alfath2/Downloads/ci4-blog/system/CodeIgniter.php(320): CodeIgniter\CodeIgniter->handleRequest()
#5 /home/alfath2/Downloads/ci4-blog/public/index.php(37): CodeIgniter\CodeIgniter->run()
#6 /home/alfath2/Downloads/ci4-blog/system/Commands/Server/rewrite.php(43): require_once('/home/alfath2/D...')
#7 {main}
CRITICAL - 2022-01-08 03:13:33 --> Argument 1 passed to CodeIgniter\Database\BaseBuilder::get() must be of the type int or null, string given, called in /home/alfath2/Downloads/ci4-blog/app/Models/Post_model.php on line 16
#0 /home/alfath2/Downloads/ci4-blog/app/Models/Post_model.php(16): CodeIgniter\Database\BaseBuilder->get()
#1 /home/alfath2/Downloads/ci4-blog/app/Controllers/Home.php(14): App\Models\Post_model->get_posts()
#2 /home/alfath2/Downloads/ci4-blog/system/CodeIgniter.php(825): App\Controllers\Home->index()
#3 /home/alfath2/Downloads/ci4-blog/system/CodeIgniter.php(412): CodeIgniter\CodeIgniter->runController()
#4 /home/alfath2/Downloads/ci4-blog/system/CodeIgniter.php(320): CodeIgniter\CodeIgniter->handleRequest()
#5 /home/alfath2/Downloads/ci4-blog/public/index.php(37): CodeIgniter\CodeIgniter->run()
#6 /home/alfath2/Downloads/ci4-blog/system/Commands/Server/rewrite.php(43): require_once('/home/alfath2/D...')
#7 {main}
CRITICAL - 2022-01-08 03:13:34 --> Argument 1 passed to CodeIgniter\Database\BaseBuilder::get() must be of the type int or null, string given, called in /home/alfath2/Downloads/ci4-blog/app/Models/Post_model.php on line 16
#0 /home/alfath2/Downloads/ci4-blog/app/Models/Post_model.php(16): CodeIgniter\Database\BaseBuilder->get()
#1 /home/alfath2/Downloads/ci4-blog/app/Controllers/Home.php(14): App\Models\Post_model->get_posts()
#2 /home/alfath2/Downloads/ci4-blog/system/CodeIgniter.php(825): App\Controllers\Home->index()
#3 /home/alfath2/Downloads/ci4-blog/system/CodeIgniter.php(412): CodeIgniter\CodeIgniter->runController()
#4 /home/alfath2/Downloads/ci4-blog/system/CodeIgniter.php(320): CodeIgniter\CodeIgniter->handleRequest()
#5 /home/alfath2/Downloads/ci4-blog/public/index.php(37): CodeIgniter\CodeIgniter->run()
#6 /home/alfath2/Downloads/ci4-blog/system/Commands/Server/rewrite.php(43): require_once('/home/alfath2/D...')
#7 {main}
CRITICAL - 2022-01-08 03:13:34 --> Argument 1 passed to CodeIgniter\Database\BaseBuilder::get() must be of the type int or null, string given, called in /home/alfath2/Downloads/ci4-blog/app/Models/Post_model.php on line 16
#0 /home/alfath2/Downloads/ci4-blog/app/Models/Post_model.php(16): CodeIgniter\Database\BaseBuilder->get()
#1 /home/alfath2/Downloads/ci4-blog/app/Controllers/Home.php(14): App\Models\Post_model->get_posts()
#2 /home/alfath2/Downloads/ci4-blog/system/CodeIgniter.php(825): App\Controllers\Home->index()
#3 /home/alfath2/Downloads/ci4-blog/system/CodeIgniter.php(412): CodeIgniter\CodeIgniter->runController()
#4 /home/alfath2/Downloads/ci4-blog/system/CodeIgniter.php(320): CodeIgniter\CodeIgniter->handleRequest()
#5 /home/alfath2/Downloads/ci4-blog/public/index.php(37): CodeIgniter\CodeIgniter->run()
#6 /home/alfath2/Downloads/ci4-blog/system/Commands/Server/rewrite.php(43): require_once('/home/alfath2/D...')
#7 {main}
CRITICAL - 2022-01-08 03:14:18 --> Call to undefined method CodeIgniter\Database\MySQLi\Result::result_array()
#0 /home/alfath2/Downloads/ci4-blog/app/Controllers/Home.php(14): App\Models\Post_model->get_posts()
#1 /home/alfath2/Downloads/ci4-blog/system/CodeIgniter.php(825): App\Controllers\Home->index()
#2 /home/alfath2/Downloads/ci4-blog/system/CodeIgniter.php(412): CodeIgniter\CodeIgniter->runController()
#3 /home/alfath2/Downloads/ci4-blog/system/CodeIgniter.php(320): CodeIgniter\CodeIgniter->handleRequest()
#4 /home/alfath2/Downloads/ci4-blog/public/index.php(37): CodeIgniter\CodeIgniter->run()
#5 /home/alfath2/Downloads/ci4-blog/system/Commands/Server/rewrite.php(43): require_once('/home/alfath2/D...')
#6 {main}
CRITICAL - 2022-01-08 03:16:42 --> Undefined variable: post
#0 /home/alfath2/Downloads/ci4-blog/app/Views/home.php(15): CodeIgniter\Debug\Exceptions->errorHandler()
#1 /home/alfath2/Downloads/ci4-blog/system/View/View.php(210): include('/home/alfath2/D...')
#2 /home/alfath2/Downloads/ci4-blog/system/View/View.php(213): CodeIgniter\View\View->CodeIgniter\View\{closure}()
#3 /home/alfath2/Downloads/ci4-blog/system/Common.php(1089): CodeIgniter\View\View->render()
#4 /home/alfath2/Downloads/ci4-blog/app/Controllers/Home.php(17): view()
#5 /home/alfath2/Downloads/ci4-blog/system/CodeIgniter.php(825): App\Controllers\Home->index()
#6 /home/alfath2/Downloads/ci4-blog/system/CodeIgniter.php(412): CodeIgniter\CodeIgniter->runController()
#7 /home/alfath2/Downloads/ci4-blog/system/CodeIgniter.php(320): CodeIgniter\CodeIgniter->handleRequest()
#8 /home/alfath2/Downloads/ci4-blog/public/index.php(37): CodeIgniter\CodeIgniter->run()
#9 /home/alfath2/Downloads/ci4-blog/system/Commands/Server/rewrite.php(43): require_once('/home/alfath2/D...')
#10 {main}
CRITICAL - 2022-01-08 03:17:06 --> Cannot use object of type stdClass as array
#0 /home/alfath2/Downloads/ci4-blog/system/View/View.php(210): include()
#1 /home/alfath2/Downloads/ci4-blog/system/View/View.php(213): CodeIgniter\View\View->CodeIgniter\View\{closure}()
#2 /home/alfath2/Downloads/ci4-blog/system/Common.php(1089): CodeIgniter\View\View->render()
#3 /home/alfath2/Downloads/ci4-blog/app/Controllers/Home.php(17): view()
#4 /home/alfath2/Downloads/ci4-blog/system/CodeIgniter.php(825): App\Controllers\Home->index()
#5 /home/alfath2/Downloads/ci4-blog/system/CodeIgniter.php(412): CodeIgniter\CodeIgniter->runController()
#6 /home/alfath2/Downloads/ci4-blog/system/CodeIgniter.php(320): CodeIgniter\CodeIgniter->handleRequest()
#7 /home/alfath2/Downloads/ci4-blog/public/index.php(37): CodeIgniter\CodeIgniter->run()
#8 /home/alfath2/Downloads/ci4-blog/system/Commands/Server/rewrite.php(43): require_once('/home/alfath2/D...')
#9 {main}
CRITICAL - 2022-01-08 03:17:08 --> Cannot use object of type stdClass as array
#0 /home/alfath2/Downloads/ci4-blog/system/View/View.php(210): include()
#1 /home/alfath2/Downloads/ci4-blog/system/View/View.php(213): CodeIgniter\View\View->CodeIgniter\View\{closure}()
#2 /home/alfath2/Downloads/ci4-blog/system/Common.php(1089): CodeIgniter\View\View->render()
#3 /home/alfath2/Downloads/ci4-blog/app/Controllers/Home.php(17): view()
#4 /home/alfath2/Downloads/ci4-blog/system/CodeIgniter.php(825): App\Controllers\Home->index()
#5 /home/alfath2/Downloads/ci4-blog/system/CodeIgniter.php(412): CodeIgniter\CodeIgniter->runController()
#6 /home/alfath2/Downloads/ci4-blog/system/CodeIgniter.php(320): CodeIgniter\CodeIgniter->handleRequest()
#7 /home/alfath2/Downloads/ci4-blog/public/index.php(37): CodeIgniter\CodeIgniter->run()
#8 /home/alfath2/Downloads/ci4-blog/system/Commands/Server/rewrite.php(43): require_once('/home/alfath2/D...')
#9 {main}
CRITICAL - 2022-01-08 03:17:08 --> Cannot use object of type stdClass as array
#0 /home/alfath2/Downloads/ci4-blog/system/View/View.php(210): include()
#1 /home/alfath2/Downloads/ci4-blog/system/View/View.php(213): CodeIgniter\View\View->CodeIgniter\View\{closure}()
#2 /home/alfath2/Downloads/ci4-blog/system/Common.php(1089): CodeIgniter\View\View->render()
#3 /home/alfath2/Downloads/ci4-blog/app/Controllers/Home.php(17): view()
#4 /home/alfath2/Downloads/ci4-blog/system/CodeIgniter.php(825): App\Controllers\Home->index()
#5 /home/alfath2/Downloads/ci4-blog/system/CodeIgniter.php(412): CodeIgniter\CodeIgniter->runController()
#6 /home/alfath2/Downloads/ci4-blog/system/CodeIgniter.php(320): CodeIgniter\CodeIgniter->handleRequest()
#7 /home/alfath2/Downloads/ci4-blog/public/index.php(37): CodeIgniter\CodeIgniter->run()
#8 /home/alfath2/Downloads/ci4-blog/system/Commands/Server/rewrite.php(43): require_once('/home/alfath2/D...')
#9 {main}
CRITICAL - 2022-01-08 03:17:09 --> Cannot use object of type stdClass as array
#0 /home/alfath2/Downloads/ci4-blog/system/View/View.php(210): include()
#1 /home/alfath2/Downloads/ci4-blog/system/View/View.php(213): CodeIgniter\View\View->CodeIgniter\View\{closure}()
#2 /home/alfath2/Downloads/ci4-blog/system/Common.php(1089): CodeIgniter\View\View->render()
#3 /home/alfath2/Downloads/ci4-blog/app/Controllers/Home.php(17): view()
#4 /home/alfath2/Downloads/ci4-blog/system/CodeIgniter.php(825): App\Controllers\Home->index()
#5 /home/alfath2/Downloads/ci4-blog/system/CodeIgniter.php(412): CodeIgniter\CodeIgniter->runController()
#6 /home/alfath2/Downloads/ci4-blog/system/CodeIgniter.php(320): CodeIgniter\CodeIgniter->handleRequest()
#7 /home/alfath2/Downloads/ci4-blog/public/index.php(37): CodeIgniter\CodeIgniter->run()
#8 /home/alfath2/Downloads/ci4-blog/system/Commands/Server/rewrite.php(43): require_once('/home/alfath2/D...')
#9 {main}
