CRITICAL - 2022-01-26 21:17:28 --> syntax error, unexpected 'if' (T_IF)
#0 /home/alfath2/Downloads/ci4-blog/system/CodeIgniter.php(361): CodeIgniter\CodeIgniter->tryToRouteIt()
#1 /home/alfath2/Downloads/ci4-blog/system/CodeIgniter.php(320): CodeIgniter\CodeIgniter->handleRequest()
#2 /home/alfath2/Downloads/ci4-blog/public/index.php(37): CodeIgniter\CodeIgniter->run()
#3 /home/alfath2/Downloads/ci4-blog/system/Commands/Server/rewrite.php(43): require_once('/home/alfath2/D...')
#4 {main}
CRITICAL - 2022-01-26 21:36:22 --> syntax error, unexpected 'if' (T_IF)
#0 /home/alfath2/Downloads/ci4-blog/system/CodeIgniter.php(361): CodeIgniter\CodeIgniter->tryToRouteIt()
#1 /home/alfath2/Downloads/ci4-blog/system/CodeIgniter.php(320): CodeIgniter\CodeIgniter->handleRequest()
#2 /home/alfath2/Downloads/ci4-blog/public/index.php(37): CodeIgniter\CodeIgniter->run()
#3 /home/alfath2/Downloads/ci4-blog/system/Commands/Server/rewrite.php(43): require_once('/home/alfath2/D...')
#4 {main}
CRITICAL - 2022-01-26 21:36:29 --> syntax error, unexpected 'if' (T_IF)
#0 /home/alfath2/Downloads/ci4-blog/system/CodeIgniter.php(361): CodeIgniter\CodeIgniter->tryToRouteIt()
#1 /home/alfath2/Downloads/ci4-blog/system/CodeIgniter.php(320): CodeIgniter\CodeIgniter->handleRequest()
#2 /home/alfath2/Downloads/ci4-blog/public/index.php(37): CodeIgniter\CodeIgniter->run()
#3 /home/alfath2/Downloads/ci4-blog/system/Commands/Server/rewrite.php(43): require_once('/home/alfath2/D...')
#4 {main}
CRITICAL - 2022-01-26 21:36:34 --> syntax error, unexpected 'if' (T_IF)
#0 /home/alfath2/Downloads/ci4-blog/system/CodeIgniter.php(361): CodeIgniter\CodeIgniter->tryToRouteIt()
#1 /home/alfath2/Downloads/ci4-blog/system/CodeIgniter.php(320): CodeIgniter\CodeIgniter->handleRequest()
#2 /home/alfath2/Downloads/ci4-blog/public/index.php(37): CodeIgniter\CodeIgniter->run()
#3 /home/alfath2/Downloads/ci4-blog/system/Commands/Server/rewrite.php(43): require_once('/home/alfath2/D...')
#4 {main}
CRITICAL - 2022-01-26 21:37:28 --> syntax error, unexpected '=>' (T_DOUBLE_ARROW), expecting ')'
#0 /home/alfath2/Downloads/ci4-blog/system/Router/Router.php(175): CodeIgniter\Router\Router->autoRoute()
#1 /home/alfath2/Downloads/ci4-blog/system/CodeIgniter.php(719): CodeIgniter\Router\Router->handle()
#2 /home/alfath2/Downloads/ci4-blog/system/CodeIgniter.php(361): CodeIgniter\CodeIgniter->tryToRouteIt()
#3 /home/alfath2/Downloads/ci4-blog/system/CodeIgniter.php(320): CodeIgniter\CodeIgniter->handleRequest()
#4 /home/alfath2/Downloads/ci4-blog/public/index.php(37): CodeIgniter\CodeIgniter->run()
#5 /home/alfath2/Downloads/ci4-blog/system/Commands/Server/rewrite.php(43): require_once('/home/alfath2/D...')
#6 {main}
CRITICAL - 2022-01-26 21:37:44 --> syntax error, unexpected '=>' (T_DOUBLE_ARROW), expecting ')'
#0 /home/alfath2/Downloads/ci4-blog/system/Router/Router.php(175): CodeIgniter\Router\Router->autoRoute()
#1 /home/alfath2/Downloads/ci4-blog/system/CodeIgniter.php(719): CodeIgniter\Router\Router->handle()
#2 /home/alfath2/Downloads/ci4-blog/system/CodeIgniter.php(361): CodeIgniter\CodeIgniter->tryToRouteIt()
#3 /home/alfath2/Downloads/ci4-blog/system/CodeIgniter.php(320): CodeIgniter\CodeIgniter->handleRequest()
#4 /home/alfath2/Downloads/ci4-blog/public/index.php(37): CodeIgniter\CodeIgniter->run()
#5 /home/alfath2/Downloads/ci4-blog/system/Commands/Server/rewrite.php(43): require_once('/home/alfath2/D...')
#6 {main}
CRITICAL - 2022-01-26 21:37:45 --> syntax error, unexpected '=>' (T_DOUBLE_ARROW), expecting ')'
#0 /home/alfath2/Downloads/ci4-blog/system/Router/Router.php(175): CodeIgniter\Router\Router->autoRoute()
#1 /home/alfath2/Downloads/ci4-blog/system/CodeIgniter.php(719): CodeIgniter\Router\Router->handle()
#2 /home/alfath2/Downloads/ci4-blog/system/CodeIgniter.php(361): CodeIgniter\CodeIgniter->tryToRouteIt()
#3 /home/alfath2/Downloads/ci4-blog/system/CodeIgniter.php(320): CodeIgniter\CodeIgniter->handleRequest()
#4 /home/alfath2/Downloads/ci4-blog/public/index.php(37): CodeIgniter\CodeIgniter->run()
#5 /home/alfath2/Downloads/ci4-blog/system/Commands/Server/rewrite.php(43): require_once('/home/alfath2/D...')
#6 {main}
CRITICAL - 2022-01-26 21:37:46 --> syntax error, unexpected '=>' (T_DOUBLE_ARROW), expecting ')'
#0 /home/alfath2/Downloads/ci4-blog/system/Router/Router.php(175): CodeIgniter\Router\Router->autoRoute()
#1 /home/alfath2/Downloads/ci4-blog/system/CodeIgniter.php(719): CodeIgniter\Router\Router->handle()
#2 /home/alfath2/Downloads/ci4-blog/system/CodeIgniter.php(361): CodeIgniter\CodeIgniter->tryToRouteIt()
#3 /home/alfath2/Downloads/ci4-blog/system/CodeIgniter.php(320): CodeIgniter\CodeIgniter->handleRequest()
#4 /home/alfath2/Downloads/ci4-blog/public/index.php(37): CodeIgniter\CodeIgniter->run()
#5 /home/alfath2/Downloads/ci4-blog/system/Commands/Server/rewrite.php(43): require_once('/home/alfath2/D...')
#6 {main}
CRITICAL - 2022-01-26 21:37:46 --> syntax error, unexpected '=>' (T_DOUBLE_ARROW), expecting ')'
#0 /home/alfath2/Downloads/ci4-blog/system/Router/Router.php(175): CodeIgniter\Router\Router->autoRoute()
#1 /home/alfath2/Downloads/ci4-blog/system/CodeIgniter.php(719): CodeIgniter\Router\Router->handle()
#2 /home/alfath2/Downloads/ci4-blog/system/CodeIgniter.php(361): CodeIgniter\CodeIgniter->tryToRouteIt()
#3 /home/alfath2/Downloads/ci4-blog/system/CodeIgniter.php(320): CodeIgniter\CodeIgniter->handleRequest()
#4 /home/alfath2/Downloads/ci4-blog/public/index.php(37): CodeIgniter\CodeIgniter->run()
#5 /home/alfath2/Downloads/ci4-blog/system/Commands/Server/rewrite.php(43): require_once('/home/alfath2/D...')
#6 {main}
CRITICAL - 2022-01-26 21:37:46 --> syntax error, unexpected '=>' (T_DOUBLE_ARROW), expecting ')'
#0 /home/alfath2/Downloads/ci4-blog/system/Router/Router.php(175): CodeIgniter\Router\Router->autoRoute()
#1 /home/alfath2/Downloads/ci4-blog/system/CodeIgniter.php(719): CodeIgniter\Router\Router->handle()
#2 /home/alfath2/Downloads/ci4-blog/system/CodeIgniter.php(361): CodeIgniter\CodeIgniter->tryToRouteIt()
#3 /home/alfath2/Downloads/ci4-blog/system/CodeIgniter.php(320): CodeIgniter\CodeIgniter->handleRequest()
#4 /home/alfath2/Downloads/ci4-blog/public/index.php(37): CodeIgniter\CodeIgniter->run()
#5 /home/alfath2/Downloads/ci4-blog/system/Commands/Server/rewrite.php(43): require_once('/home/alfath2/D...')
#6 {main}
CRITICAL - 2022-01-26 21:37:47 --> syntax error, unexpected '=>' (T_DOUBLE_ARROW), expecting ')'
#0 /home/alfath2/Downloads/ci4-blog/system/Router/Router.php(175): CodeIgniter\Router\Router->autoRoute()
#1 /home/alfath2/Downloads/ci4-blog/system/CodeIgniter.php(719): CodeIgniter\Router\Router->handle()
#2 /home/alfath2/Downloads/ci4-blog/system/CodeIgniter.php(361): CodeIgniter\CodeIgniter->tryToRouteIt()
#3 /home/alfath2/Downloads/ci4-blog/system/CodeIgniter.php(320): CodeIgniter\CodeIgniter->handleRequest()
#4 /home/alfath2/Downloads/ci4-blog/public/index.php(37): CodeIgniter\CodeIgniter->run()
#5 /home/alfath2/Downloads/ci4-blog/system/Commands/Server/rewrite.php(43): require_once('/home/alfath2/D...')
#6 {main}
CRITICAL - 2022-01-26 21:37:47 --> syntax error, unexpected '=>' (T_DOUBLE_ARROW), expecting ')'
#0 /home/alfath2/Downloads/ci4-blog/system/Router/Router.php(175): CodeIgniter\Router\Router->autoRoute()
#1 /home/alfath2/Downloads/ci4-blog/system/CodeIgniter.php(719): CodeIgniter\Router\Router->handle()
#2 /home/alfath2/Downloads/ci4-blog/system/CodeIgniter.php(361): CodeIgniter\CodeIgniter->tryToRouteIt()
#3 /home/alfath2/Downloads/ci4-blog/system/CodeIgniter.php(320): CodeIgniter\CodeIgniter->handleRequest()
#4 /home/alfath2/Downloads/ci4-blog/public/index.php(37): CodeIgniter\CodeIgniter->run()
#5 /home/alfath2/Downloads/ci4-blog/system/Commands/Server/rewrite.php(43): require_once('/home/alfath2/D...')
#6 {main}
CRITICAL - 2022-01-26 21:37:47 --> syntax error, unexpected '=>' (T_DOUBLE_ARROW), expecting ')'
#0 /home/alfath2/Downloads/ci4-blog/system/Router/Router.php(175): CodeIgniter\Router\Router->autoRoute()
#1 /home/alfath2/Downloads/ci4-blog/system/CodeIgniter.php(719): CodeIgniter\Router\Router->handle()
#2 /home/alfath2/Downloads/ci4-blog/system/CodeIgniter.php(361): CodeIgniter\CodeIgniter->tryToRouteIt()
#3 /home/alfath2/Downloads/ci4-blog/system/CodeIgniter.php(320): CodeIgniter\CodeIgniter->handleRequest()
#4 /home/alfath2/Downloads/ci4-blog/public/index.php(37): CodeIgniter\CodeIgniter->run()
#5 /home/alfath2/Downloads/ci4-blog/system/Commands/Server/rewrite.php(43): require_once('/home/alfath2/D...')
#6 {main}
CRITICAL - 2022-01-26 21:37:48 --> syntax error, unexpected '=>' (T_DOUBLE_ARROW), expecting ')'
#0 /home/alfath2/Downloads/ci4-blog/system/Router/Router.php(175): CodeIgniter\Router\Router->autoRoute()
#1 /home/alfath2/Downloads/ci4-blog/system/CodeIgniter.php(719): CodeIgniter\Router\Router->handle()
#2 /home/alfath2/Downloads/ci4-blog/system/CodeIgniter.php(361): CodeIgniter\CodeIgniter->tryToRouteIt()
#3 /home/alfath2/Downloads/ci4-blog/system/CodeIgniter.php(320): CodeIgniter\CodeIgniter->handleRequest()
#4 /home/alfath2/Downloads/ci4-blog/public/index.php(37): CodeIgniter\CodeIgniter->run()
#5 /home/alfath2/Downloads/ci4-blog/system/Commands/Server/rewrite.php(43): require_once('/home/alfath2/D...')
#6 {main}
CRITICAL - 2022-01-26 21:37:48 --> syntax error, unexpected '=>' (T_DOUBLE_ARROW), expecting ')'
#0 /home/alfath2/Downloads/ci4-blog/system/Router/Router.php(175): CodeIgniter\Router\Router->autoRoute()
#1 /home/alfath2/Downloads/ci4-blog/system/CodeIgniter.php(719): CodeIgniter\Router\Router->handle()
#2 /home/alfath2/Downloads/ci4-blog/system/CodeIgniter.php(361): CodeIgniter\CodeIgniter->tryToRouteIt()
#3 /home/alfath2/Downloads/ci4-blog/system/CodeIgniter.php(320): CodeIgniter\CodeIgniter->handleRequest()
#4 /home/alfath2/Downloads/ci4-blog/public/index.php(37): CodeIgniter\CodeIgniter->run()
#5 /home/alfath2/Downloads/ci4-blog/system/Commands/Server/rewrite.php(43): require_once('/home/alfath2/D...')
#6 {main}
CRITICAL - 2022-01-26 21:37:48 --> syntax error, unexpected '=>' (T_DOUBLE_ARROW), expecting ')'
#0 /home/alfath2/Downloads/ci4-blog/system/Router/Router.php(175): CodeIgniter\Router\Router->autoRoute()
#1 /home/alfath2/Downloads/ci4-blog/system/CodeIgniter.php(719): CodeIgniter\Router\Router->handle()
#2 /home/alfath2/Downloads/ci4-blog/system/CodeIgniter.php(361): CodeIgniter\CodeIgniter->tryToRouteIt()
#3 /home/alfath2/Downloads/ci4-blog/system/CodeIgniter.php(320): CodeIgniter\CodeIgniter->handleRequest()
#4 /home/alfath2/Downloads/ci4-blog/public/index.php(37): CodeIgniter\CodeIgniter->run()
#5 /home/alfath2/Downloads/ci4-blog/system/Commands/Server/rewrite.php(43): require_once('/home/alfath2/D...')
#6 {main}
CRITICAL - 2022-01-26 21:37:49 --> syntax error, unexpected '=>' (T_DOUBLE_ARROW), expecting ')'
#0 /home/alfath2/Downloads/ci4-blog/system/Router/Router.php(175): CodeIgniter\Router\Router->autoRoute()
#1 /home/alfath2/Downloads/ci4-blog/system/CodeIgniter.php(719): CodeIgniter\Router\Router->handle()
#2 /home/alfath2/Downloads/ci4-blog/system/CodeIgniter.php(361): CodeIgniter\CodeIgniter->tryToRouteIt()
#3 /home/alfath2/Downloads/ci4-blog/system/CodeIgniter.php(320): CodeIgniter\CodeIgniter->handleRequest()
#4 /home/alfath2/Downloads/ci4-blog/public/index.php(37): CodeIgniter\CodeIgniter->run()
#5 /home/alfath2/Downloads/ci4-blog/system/Commands/Server/rewrite.php(43): require_once('/home/alfath2/D...')
#6 {main}
CRITICAL - 2022-01-26 21:37:49 --> syntax error, unexpected '=>' (T_DOUBLE_ARROW), expecting ')'
#0 /home/alfath2/Downloads/ci4-blog/system/Router/Router.php(175): CodeIgniter\Router\Router->autoRoute()
#1 /home/alfath2/Downloads/ci4-blog/system/CodeIgniter.php(719): CodeIgniter\Router\Router->handle()
#2 /home/alfath2/Downloads/ci4-blog/system/CodeIgniter.php(361): CodeIgniter\CodeIgniter->tryToRouteIt()
#3 /home/alfath2/Downloads/ci4-blog/system/CodeIgniter.php(320): CodeIgniter\CodeIgniter->handleRequest()
#4 /home/alfath2/Downloads/ci4-blog/public/index.php(37): CodeIgniter\CodeIgniter->run()
#5 /home/alfath2/Downloads/ci4-blog/system/Commands/Server/rewrite.php(43): require_once('/home/alfath2/D...')
#6 {main}
CRITICAL - 2022-01-26 21:37:49 --> syntax error, unexpected '=>' (T_DOUBLE_ARROW), expecting ')'
#0 /home/alfath2/Downloads/ci4-blog/system/Router/Router.php(175): CodeIgniter\Router\Router->autoRoute()
#1 /home/alfath2/Downloads/ci4-blog/system/CodeIgniter.php(719): CodeIgniter\Router\Router->handle()
#2 /home/alfath2/Downloads/ci4-blog/system/CodeIgniter.php(361): CodeIgniter\CodeIgniter->tryToRouteIt()
#3 /home/alfath2/Downloads/ci4-blog/system/CodeIgniter.php(320): CodeIgniter\CodeIgniter->handleRequest()
#4 /home/alfath2/Downloads/ci4-blog/public/index.php(37): CodeIgniter\CodeIgniter->run()
#5 /home/alfath2/Downloads/ci4-blog/system/Commands/Server/rewrite.php(43): require_once('/home/alfath2/D...')
#6 {main}
ERROR - 2022-01-26 21:40:40 --> Unknown column '$id' in 'where clause'
CRITICAL - 2022-01-26 21:40:40 --> Unknown column '$id' in 'where clause'
#0 /home/alfath2/Downloads/ci4-blog/system/Database/MySQLi/Connection.php(292): mysqli->query()
#1 /home/alfath2/Downloads/ci4-blog/system/Database/BaseConnection.php(670): CodeIgniter\Database\MySQLi\Connection->execute()
#2 /home/alfath2/Downloads/ci4-blog/system/Database/BaseConnection.php(598): CodeIgniter\Database\BaseConnection->simpleQuery()
#3 /home/alfath2/Downloads/ci4-blog/app/Controllers/Users.php(101): CodeIgniter\Database\BaseConnection->query()
#4 /home/alfath2/Downloads/ci4-blog/system/CodeIgniter.php(825): App\Controllers\Users->show_user()
#5 /home/alfath2/Downloads/ci4-blog/system/CodeIgniter.php(412): CodeIgniter\CodeIgniter->runController()
#6 /home/alfath2/Downloads/ci4-blog/system/CodeIgniter.php(320): CodeIgniter\CodeIgniter->handleRequest()
#7 /home/alfath2/Downloads/ci4-blog/public/index.php(37): CodeIgniter\CodeIgniter->run()
#8 /home/alfath2/Downloads/ci4-blog/system/Commands/Server/rewrite.php(43): require_once('/home/alfath2/D...')
#9 {main}
ERROR - 2022-01-26 21:40:41 --> Unknown column '$id' in 'where clause'
CRITICAL - 2022-01-26 21:40:41 --> Unknown column '$id' in 'where clause'
#0 /home/alfath2/Downloads/ci4-blog/system/Database/MySQLi/Connection.php(292): mysqli->query()
#1 /home/alfath2/Downloads/ci4-blog/system/Database/BaseConnection.php(670): CodeIgniter\Database\MySQLi\Connection->execute()
#2 /home/alfath2/Downloads/ci4-blog/system/Database/BaseConnection.php(598): CodeIgniter\Database\BaseConnection->simpleQuery()
#3 /home/alfath2/Downloads/ci4-blog/app/Controllers/Users.php(101): CodeIgniter\Database\BaseConnection->query()
#4 /home/alfath2/Downloads/ci4-blog/system/CodeIgniter.php(825): App\Controllers\Users->show_user()
#5 /home/alfath2/Downloads/ci4-blog/system/CodeIgniter.php(412): CodeIgniter\CodeIgniter->runController()
#6 /home/alfath2/Downloads/ci4-blog/system/CodeIgniter.php(320): CodeIgniter\CodeIgniter->handleRequest()
#7 /home/alfath2/Downloads/ci4-blog/public/index.php(37): CodeIgniter\CodeIgniter->run()
#8 /home/alfath2/Downloads/ci4-blog/system/Commands/Server/rewrite.php(43): require_once('/home/alfath2/D...')
#9 {main}
ERROR - 2022-01-26 21:40:42 --> Unknown column '$id' in 'where clause'
CRITICAL - 2022-01-26 21:40:42 --> Unknown column '$id' in 'where clause'
#0 /home/alfath2/Downloads/ci4-blog/system/Database/MySQLi/Connection.php(292): mysqli->query()
#1 /home/alfath2/Downloads/ci4-blog/system/Database/BaseConnection.php(670): CodeIgniter\Database\MySQLi\Connection->execute()
#2 /home/alfath2/Downloads/ci4-blog/system/Database/BaseConnection.php(598): CodeIgniter\Database\BaseConnection->simpleQuery()
#3 /home/alfath2/Downloads/ci4-blog/app/Controllers/Users.php(101): CodeIgniter\Database\BaseConnection->query()
#4 /home/alfath2/Downloads/ci4-blog/system/CodeIgniter.php(825): App\Controllers\Users->show_user()
#5 /home/alfath2/Downloads/ci4-blog/system/CodeIgniter.php(412): CodeIgniter\CodeIgniter->runController()
#6 /home/alfath2/Downloads/ci4-blog/system/CodeIgniter.php(320): CodeIgniter\CodeIgniter->handleRequest()
#7 /home/alfath2/Downloads/ci4-blog/public/index.php(37): CodeIgniter\CodeIgniter->run()
#8 /home/alfath2/Downloads/ci4-blog/system/Commands/Server/rewrite.php(43): require_once('/home/alfath2/D...')
#9 {main}
ERROR - 2022-01-26 21:40:42 --> Unknown column '$id' in 'where clause'
CRITICAL - 2022-01-26 21:40:42 --> Unknown column '$id' in 'where clause'
#0 /home/alfath2/Downloads/ci4-blog/system/Database/MySQLi/Connection.php(292): mysqli->query()
#1 /home/alfath2/Downloads/ci4-blog/system/Database/BaseConnection.php(670): CodeIgniter\Database\MySQLi\Connection->execute()
#2 /home/alfath2/Downloads/ci4-blog/system/Database/BaseConnection.php(598): CodeIgniter\Database\BaseConnection->simpleQuery()
#3 /home/alfath2/Downloads/ci4-blog/app/Controllers/Users.php(101): CodeIgniter\Database\BaseConnection->query()
#4 /home/alfath2/Downloads/ci4-blog/system/CodeIgniter.php(825): App\Controllers\Users->show_user()
#5 /home/alfath2/Downloads/ci4-blog/system/CodeIgniter.php(412): CodeIgniter\CodeIgniter->runController()
#6 /home/alfath2/Downloads/ci4-blog/system/CodeIgniter.php(320): CodeIgniter\CodeIgniter->handleRequest()
#7 /home/alfath2/Downloads/ci4-blog/public/index.php(37): CodeIgniter\CodeIgniter->run()
#8 /home/alfath2/Downloads/ci4-blog/system/Commands/Server/rewrite.php(43): require_once('/home/alfath2/D...')
#9 {main}
ERROR - 2022-01-26 21:40:42 --> Unknown column '$id' in 'where clause'
CRITICAL - 2022-01-26 21:40:42 --> Unknown column '$id' in 'where clause'
#0 /home/alfath2/Downloads/ci4-blog/system/Database/MySQLi/Connection.php(292): mysqli->query()
#1 /home/alfath2/Downloads/ci4-blog/system/Database/BaseConnection.php(670): CodeIgniter\Database\MySQLi\Connection->execute()
#2 /home/alfath2/Downloads/ci4-blog/system/Database/BaseConnection.php(598): CodeIgniter\Database\BaseConnection->simpleQuery()
#3 /home/alfath2/Downloads/ci4-blog/app/Controllers/Users.php(101): CodeIgniter\Database\BaseConnection->query()
#4 /home/alfath2/Downloads/ci4-blog/system/CodeIgniter.php(825): App\Controllers\Users->show_user()
#5 /home/alfath2/Downloads/ci4-blog/system/CodeIgniter.php(412): CodeIgniter\CodeIgniter->runController()
#6 /home/alfath2/Downloads/ci4-blog/system/CodeIgniter.php(320): CodeIgniter\CodeIgniter->handleRequest()
#7 /home/alfath2/Downloads/ci4-blog/public/index.php(37): CodeIgniter\CodeIgniter->run()
#8 /home/alfath2/Downloads/ci4-blog/system/Commands/Server/rewrite.php(43): require_once('/home/alfath2/D...')
#9 {main}
ERROR - 2022-01-26 21:40:43 --> Unknown column '$id' in 'where clause'
CRITICAL - 2022-01-26 21:40:43 --> Unknown column '$id' in 'where clause'
#0 /home/alfath2/Downloads/ci4-blog/system/Database/MySQLi/Connection.php(292): mysqli->query()
#1 /home/alfath2/Downloads/ci4-blog/system/Database/BaseConnection.php(670): CodeIgniter\Database\MySQLi\Connection->execute()
#2 /home/alfath2/Downloads/ci4-blog/system/Database/BaseConnection.php(598): CodeIgniter\Database\BaseConnection->simpleQuery()
#3 /home/alfath2/Downloads/ci4-blog/app/Controllers/Users.php(101): CodeIgniter\Database\BaseConnection->query()
#4 /home/alfath2/Downloads/ci4-blog/system/CodeIgniter.php(825): App\Controllers\Users->show_user()
#5 /home/alfath2/Downloads/ci4-blog/system/CodeIgniter.php(412): CodeIgniter\CodeIgniter->runController()
#6 /home/alfath2/Downloads/ci4-blog/system/CodeIgniter.php(320): CodeIgniter\CodeIgniter->handleRequest()
#7 /home/alfath2/Downloads/ci4-blog/public/index.php(37): CodeIgniter\CodeIgniter->run()
#8 /home/alfath2/Downloads/ci4-blog/system/Commands/Server/rewrite.php(43): require_once('/home/alfath2/D...')
#9 {main}
ERROR - 2022-01-26 21:40:43 --> Unknown column '$id' in 'where clause'
CRITICAL - 2022-01-26 21:40:43 --> Unknown column '$id' in 'where clause'
#0 /home/alfath2/Downloads/ci4-blog/system/Database/MySQLi/Connection.php(292): mysqli->query()
#1 /home/alfath2/Downloads/ci4-blog/system/Database/BaseConnection.php(670): CodeIgniter\Database\MySQLi\Connection->execute()
#2 /home/alfath2/Downloads/ci4-blog/system/Database/BaseConnection.php(598): CodeIgniter\Database\BaseConnection->simpleQuery()
#3 /home/alfath2/Downloads/ci4-blog/app/Controllers/Users.php(101): CodeIgniter\Database\BaseConnection->query()
#4 /home/alfath2/Downloads/ci4-blog/system/CodeIgniter.php(825): App\Controllers\Users->show_user()
#5 /home/alfath2/Downloads/ci4-blog/system/CodeIgniter.php(412): CodeIgniter\CodeIgniter->runController()
#6 /home/alfath2/Downloads/ci4-blog/system/CodeIgniter.php(320): CodeIgniter\CodeIgniter->handleRequest()
#7 /home/alfath2/Downloads/ci4-blog/public/index.php(37): CodeIgniter\CodeIgniter->run()
#8 /home/alfath2/Downloads/ci4-blog/system/Commands/Server/rewrite.php(43): require_once('/home/alfath2/D...')
#9 {main}
CRITICAL - 2022-01-26 21:41:36 --> Trying to get property 'username' of non-object
#0 /home/alfath2/Downloads/ci4-blog/app/Views/users/user_detail.php(1): CodeIgniter\Debug\Exceptions->errorHandler()
#1 /home/alfath2/Downloads/ci4-blog/system/View/View.php(210): include('/home/alfath2/D...')
#2 /home/alfath2/Downloads/ci4-blog/system/View/View.php(213): CodeIgniter\View\View->CodeIgniter\View\{closure}()
#3 /home/alfath2/Downloads/ci4-blog/system/Common.php(1089): CodeIgniter\View\View->render()
#4 /home/alfath2/Downloads/ci4-blog/app/Controllers/Users.php(106): view()
#5 /home/alfath2/Downloads/ci4-blog/system/CodeIgniter.php(825): App\Controllers\Users->show_user()
#6 /home/alfath2/Downloads/ci4-blog/system/CodeIgniter.php(412): CodeIgniter\CodeIgniter->runController()
#7 /home/alfath2/Downloads/ci4-blog/system/CodeIgniter.php(320): CodeIgniter\CodeIgniter->handleRequest()
#8 /home/alfath2/Downloads/ci4-blog/public/index.php(37): CodeIgniter\CodeIgniter->run()
#9 /home/alfath2/Downloads/ci4-blog/system/Commands/Server/rewrite.php(43): require_once('/home/alfath2/D...')
#10 {main}
CRITICAL - 2022-01-26 21:44:07 --> syntax error, unexpected 'getWhere' (T_STRING)
#0 /home/alfath2/Downloads/ci4-blog/system/Autoloader/Autoloader.php(241): CodeIgniter\Autoloader\Autoloader->includeFile()
#1 /home/alfath2/Downloads/ci4-blog/system/Autoloader/Autoloader.php(219): CodeIgniter\Autoloader\Autoloader->loadInNamespace()
#2 [internal function]: CodeIgniter\Autoloader\Autoloader->loadClass()
#3 [internal function]: spl_autoload_call()
#4 /home/alfath2/Downloads/ci4-blog/system/CodeIgniter.php(790): class_exists()
#5 /home/alfath2/Downloads/ci4-blog/system/CodeIgniter.php(399): CodeIgniter\CodeIgniter->startController()
#6 /home/alfath2/Downloads/ci4-blog/system/CodeIgniter.php(320): CodeIgniter\CodeIgniter->handleRequest()
#7 /home/alfath2/Downloads/ci4-blog/public/index.php(37): CodeIgniter\CodeIgniter->run()
#8 /home/alfath2/Downloads/ci4-blog/system/Commands/Server/rewrite.php(43): require_once('/home/alfath2/D...')
#9 {main}
CRITICAL - 2022-01-26 21:44:08 --> syntax error, unexpected 'getWhere' (T_STRING)
#0 /home/alfath2/Downloads/ci4-blog/system/Autoloader/Autoloader.php(241): CodeIgniter\Autoloader\Autoloader->includeFile()
#1 /home/alfath2/Downloads/ci4-blog/system/Autoloader/Autoloader.php(219): CodeIgniter\Autoloader\Autoloader->loadInNamespace()
#2 [internal function]: CodeIgniter\Autoloader\Autoloader->loadClass()
#3 [internal function]: spl_autoload_call()
#4 /home/alfath2/Downloads/ci4-blog/system/CodeIgniter.php(790): class_exists()
#5 /home/alfath2/Downloads/ci4-blog/system/CodeIgniter.php(399): CodeIgniter\CodeIgniter->startController()
#6 /home/alfath2/Downloads/ci4-blog/system/CodeIgniter.php(320): CodeIgniter\CodeIgniter->handleRequest()
#7 /home/alfath2/Downloads/ci4-blog/public/index.php(37): CodeIgniter\CodeIgniter->run()
#8 /home/alfath2/Downloads/ci4-blog/system/Commands/Server/rewrite.php(43): require_once('/home/alfath2/D...')
#9 {main}
CRITICAL - 2022-01-26 21:44:09 --> syntax error, unexpected 'getWhere' (T_STRING)
#0 /home/alfath2/Downloads/ci4-blog/system/Autoloader/Autoloader.php(241): CodeIgniter\Autoloader\Autoloader->includeFile()
#1 /home/alfath2/Downloads/ci4-blog/system/Autoloader/Autoloader.php(219): CodeIgniter\Autoloader\Autoloader->loadInNamespace()
#2 [internal function]: CodeIgniter\Autoloader\Autoloader->loadClass()
#3 [internal function]: spl_autoload_call()
#4 /home/alfath2/Downloads/ci4-blog/system/CodeIgniter.php(790): class_exists()
#5 /home/alfath2/Downloads/ci4-blog/system/CodeIgniter.php(399): CodeIgniter\CodeIgniter->startController()
#6 /home/alfath2/Downloads/ci4-blog/system/CodeIgniter.php(320): CodeIgniter\CodeIgniter->handleRequest()
#7 /home/alfath2/Downloads/ci4-blog/public/index.php(37): CodeIgniter\CodeIgniter->run()
#8 /home/alfath2/Downloads/ci4-blog/system/Commands/Server/rewrite.php(43): require_once('/home/alfath2/D...')
#9 {main}
CRITICAL - 2022-01-26 21:44:09 --> syntax error, unexpected 'getWhere' (T_STRING)
#0 /home/alfath2/Downloads/ci4-blog/system/Autoloader/Autoloader.php(241): CodeIgniter\Autoloader\Autoloader->includeFile()
#1 /home/alfath2/Downloads/ci4-blog/system/Autoloader/Autoloader.php(219): CodeIgniter\Autoloader\Autoloader->loadInNamespace()
#2 [internal function]: CodeIgniter\Autoloader\Autoloader->loadClass()
#3 [internal function]: spl_autoload_call()
#4 /home/alfath2/Downloads/ci4-blog/system/CodeIgniter.php(790): class_exists()
#5 /home/alfath2/Downloads/ci4-blog/system/CodeIgniter.php(399): CodeIgniter\CodeIgniter->startController()
#6 /home/alfath2/Downloads/ci4-blog/system/CodeIgniter.php(320): CodeIgniter\CodeIgniter->handleRequest()
#7 /home/alfath2/Downloads/ci4-blog/public/index.php(37): CodeIgniter\CodeIgniter->run()
#8 /home/alfath2/Downloads/ci4-blog/system/Commands/Server/rewrite.php(43): require_once('/home/alfath2/D...')
#9 {main}
CRITICAL - 2022-01-26 21:44:10 --> syntax error, unexpected 'getWhere' (T_STRING)
#0 /home/alfath2/Downloads/ci4-blog/system/Autoloader/Autoloader.php(241): CodeIgniter\Autoloader\Autoloader->includeFile()
#1 /home/alfath2/Downloads/ci4-blog/system/Autoloader/Autoloader.php(219): CodeIgniter\Autoloader\Autoloader->loadInNamespace()
#2 [internal function]: CodeIgniter\Autoloader\Autoloader->loadClass()
#3 [internal function]: spl_autoload_call()
#4 /home/alfath2/Downloads/ci4-blog/system/CodeIgniter.php(790): class_exists()
#5 /home/alfath2/Downloads/ci4-blog/system/CodeIgniter.php(399): CodeIgniter\CodeIgniter->startController()
#6 /home/alfath2/Downloads/ci4-blog/system/CodeIgniter.php(320): CodeIgniter\CodeIgniter->handleRequest()
#7 /home/alfath2/Downloads/ci4-blog/public/index.php(37): CodeIgniter\CodeIgniter->run()
#8 /home/alfath2/Downloads/ci4-blog/system/Commands/Server/rewrite.php(43): require_once('/home/alfath2/D...')
#9 {main}
CRITICAL - 2022-01-26 21:44:10 --> syntax error, unexpected 'getWhere' (T_STRING)
#0 /home/alfath2/Downloads/ci4-blog/system/Autoloader/Autoloader.php(241): CodeIgniter\Autoloader\Autoloader->includeFile()
#1 /home/alfath2/Downloads/ci4-blog/system/Autoloader/Autoloader.php(219): CodeIgniter\Autoloader\Autoloader->loadInNamespace()
#2 [internal function]: CodeIgniter\Autoloader\Autoloader->loadClass()
#3 [internal function]: spl_autoload_call()
#4 /home/alfath2/Downloads/ci4-blog/system/CodeIgniter.php(790): class_exists()
#5 /home/alfath2/Downloads/ci4-blog/system/CodeIgniter.php(399): CodeIgniter\CodeIgniter->startController()
#6 /home/alfath2/Downloads/ci4-blog/system/CodeIgniter.php(320): CodeIgniter\CodeIgniter->handleRequest()
#7 /home/alfath2/Downloads/ci4-blog/public/index.php(37): CodeIgniter\CodeIgniter->run()
#8 /home/alfath2/Downloads/ci4-blog/system/Commands/Server/rewrite.php(43): require_once('/home/alfath2/D...')
#9 {main}
CRITICAL - 2022-01-26 21:44:10 --> syntax error, unexpected 'getWhere' (T_STRING)
#0 /home/alfath2/Downloads/ci4-blog/system/Autoloader/Autoloader.php(241): CodeIgniter\Autoloader\Autoloader->includeFile()
#1 /home/alfath2/Downloads/ci4-blog/system/Autoloader/Autoloader.php(219): CodeIgniter\Autoloader\Autoloader->loadInNamespace()
#2 [internal function]: CodeIgniter\Autoloader\Autoloader->loadClass()
#3 [internal function]: spl_autoload_call()
#4 /home/alfath2/Downloads/ci4-blog/system/CodeIgniter.php(790): class_exists()
#5 /home/alfath2/Downloads/ci4-blog/system/CodeIgniter.php(399): CodeIgniter\CodeIgniter->startController()
#6 /home/alfath2/Downloads/ci4-blog/system/CodeIgniter.php(320): CodeIgniter\CodeIgniter->handleRequest()
#7 /home/alfath2/Downloads/ci4-blog/public/index.php(37): CodeIgniter\CodeIgniter->run()
#8 /home/alfath2/Downloads/ci4-blog/system/Commands/Server/rewrite.php(43): require_once('/home/alfath2/D...')
#9 {main}
CRITICAL - 2022-01-26 21:44:10 --> syntax error, unexpected 'getWhere' (T_STRING)
#0 /home/alfath2/Downloads/ci4-blog/system/Autoloader/Autoloader.php(241): CodeIgniter\Autoloader\Autoloader->includeFile()
#1 /home/alfath2/Downloads/ci4-blog/system/Autoloader/Autoloader.php(219): CodeIgniter\Autoloader\Autoloader->loadInNamespace()
#2 [internal function]: CodeIgniter\Autoloader\Autoloader->loadClass()
#3 [internal function]: spl_autoload_call()
#4 /home/alfath2/Downloads/ci4-blog/system/CodeIgniter.php(790): class_exists()
#5 /home/alfath2/Downloads/ci4-blog/system/CodeIgniter.php(399): CodeIgniter\CodeIgniter->startController()
#6 /home/alfath2/Downloads/ci4-blog/system/CodeIgniter.php(320): CodeIgniter\CodeIgniter->handleRequest()
#7 /home/alfath2/Downloads/ci4-blog/public/index.php(37): CodeIgniter\CodeIgniter->run()
#8 /home/alfath2/Downloads/ci4-blog/system/Commands/Server/rewrite.php(43): require_once('/home/alfath2/D...')
#9 {main}
CRITICAL - 2022-01-26 21:44:11 --> syntax error, unexpected 'getWhere' (T_STRING)
#0 /home/alfath2/Downloads/ci4-blog/system/Autoloader/Autoloader.php(241): CodeIgniter\Autoloader\Autoloader->includeFile()
#1 /home/alfath2/Downloads/ci4-blog/system/Autoloader/Autoloader.php(219): CodeIgniter\Autoloader\Autoloader->loadInNamespace()
#2 [internal function]: CodeIgniter\Autoloader\Autoloader->loadClass()
#3 [internal function]: spl_autoload_call()
#4 /home/alfath2/Downloads/ci4-blog/system/CodeIgniter.php(790): class_exists()
#5 /home/alfath2/Downloads/ci4-blog/system/CodeIgniter.php(399): CodeIgniter\CodeIgniter->startController()
#6 /home/alfath2/Downloads/ci4-blog/system/CodeIgniter.php(320): CodeIgniter\CodeIgniter->handleRequest()
#7 /home/alfath2/Downloads/ci4-blog/public/index.php(37): CodeIgniter\CodeIgniter->run()
#8 /home/alfath2/Downloads/ci4-blog/system/Commands/Server/rewrite.php(43): require_once('/home/alfath2/D...')
#9 {main}
CRITICAL - 2022-01-26 21:44:11 --> syntax error, unexpected 'getWhere' (T_STRING)
#0 /home/alfath2/Downloads/ci4-blog/system/Autoloader/Autoloader.php(241): CodeIgniter\Autoloader\Autoloader->includeFile()
#1 /home/alfath2/Downloads/ci4-blog/system/Autoloader/Autoloader.php(219): CodeIgniter\Autoloader\Autoloader->loadInNamespace()
#2 [internal function]: CodeIgniter\Autoloader\Autoloader->loadClass()
#3 [internal function]: spl_autoload_call()
#4 /home/alfath2/Downloads/ci4-blog/system/CodeIgniter.php(790): class_exists()
#5 /home/alfath2/Downloads/ci4-blog/system/CodeIgniter.php(399): CodeIgniter\CodeIgniter->startController()
#6 /home/alfath2/Downloads/ci4-blog/system/CodeIgniter.php(320): CodeIgniter\CodeIgniter->handleRequest()
#7 /home/alfath2/Downloads/ci4-blog/public/index.php(37): CodeIgniter\CodeIgniter->run()
#8 /home/alfath2/Downloads/ci4-blog/system/Commands/Server/rewrite.php(43): require_once('/home/alfath2/D...')
#9 {main}
CRITICAL - 2022-01-26 21:44:11 --> syntax error, unexpected 'getWhere' (T_STRING)
#0 /home/alfath2/Downloads/ci4-blog/system/Autoloader/Autoloader.php(241): CodeIgniter\Autoloader\Autoloader->includeFile()
#1 /home/alfath2/Downloads/ci4-blog/system/Autoloader/Autoloader.php(219): CodeIgniter\Autoloader\Autoloader->loadInNamespace()
#2 [internal function]: CodeIgniter\Autoloader\Autoloader->loadClass()
#3 [internal function]: spl_autoload_call()
#4 /home/alfath2/Downloads/ci4-blog/system/CodeIgniter.php(790): class_exists()
#5 /home/alfath2/Downloads/ci4-blog/system/CodeIgniter.php(399): CodeIgniter\CodeIgniter->startController()
#6 /home/alfath2/Downloads/ci4-blog/system/CodeIgniter.php(320): CodeIgniter\CodeIgniter->handleRequest()
#7 /home/alfath2/Downloads/ci4-blog/public/index.php(37): CodeIgniter\CodeIgniter->run()
#8 /home/alfath2/Downloads/ci4-blog/system/Commands/Server/rewrite.php(43): require_once('/home/alfath2/D...')
#9 {main}
CRITICAL - 2022-01-26 21:44:12 --> syntax error, unexpected 'getWhere' (T_STRING)
#0 /home/alfath2/Downloads/ci4-blog/system/Autoloader/Autoloader.php(241): CodeIgniter\Autoloader\Autoloader->includeFile()
#1 /home/alfath2/Downloads/ci4-blog/system/Autoloader/Autoloader.php(219): CodeIgniter\Autoloader\Autoloader->loadInNamespace()
#2 [internal function]: CodeIgniter\Autoloader\Autoloader->loadClass()
#3 [internal function]: spl_autoload_call()
#4 /home/alfath2/Downloads/ci4-blog/system/CodeIgniter.php(790): class_exists()
#5 /home/alfath2/Downloads/ci4-blog/system/CodeIgniter.php(399): CodeIgniter\CodeIgniter->startController()
#6 /home/alfath2/Downloads/ci4-blog/system/CodeIgniter.php(320): CodeIgniter\CodeIgniter->handleRequest()
#7 /home/alfath2/Downloads/ci4-blog/public/index.php(37): CodeIgniter\CodeIgniter->run()
#8 /home/alfath2/Downloads/ci4-blog/system/Commands/Server/rewrite.php(43): require_once('/home/alfath2/D...')
#9 {main}
CRITICAL - 2022-01-26 21:44:12 --> syntax error, unexpected 'getWhere' (T_STRING)
#0 /home/alfath2/Downloads/ci4-blog/system/Autoloader/Autoloader.php(241): CodeIgniter\Autoloader\Autoloader->includeFile()
#1 /home/alfath2/Downloads/ci4-blog/system/Autoloader/Autoloader.php(219): CodeIgniter\Autoloader\Autoloader->loadInNamespace()
#2 [internal function]: CodeIgniter\Autoloader\Autoloader->loadClass()
#3 [internal function]: spl_autoload_call()
#4 /home/alfath2/Downloads/ci4-blog/system/CodeIgniter.php(790): class_exists()
#5 /home/alfath2/Downloads/ci4-blog/system/CodeIgniter.php(399): CodeIgniter\CodeIgniter->startController()
#6 /home/alfath2/Downloads/ci4-blog/system/CodeIgniter.php(320): CodeIgniter\CodeIgniter->handleRequest()
#7 /home/alfath2/Downloads/ci4-blog/public/index.php(37): CodeIgniter\CodeIgniter->run()
#8 /home/alfath2/Downloads/ci4-blog/system/Commands/Server/rewrite.php(43): require_once('/home/alfath2/D...')
#9 {main}
CRITICAL - 2022-01-26 21:44:12 --> syntax error, unexpected 'getWhere' (T_STRING)
#0 /home/alfath2/Downloads/ci4-blog/system/Autoloader/Autoloader.php(241): CodeIgniter\Autoloader\Autoloader->includeFile()
#1 /home/alfath2/Downloads/ci4-blog/system/Autoloader/Autoloader.php(219): CodeIgniter\Autoloader\Autoloader->loadInNamespace()
#2 [internal function]: CodeIgniter\Autoloader\Autoloader->loadClass()
#3 [internal function]: spl_autoload_call()
#4 /home/alfath2/Downloads/ci4-blog/system/CodeIgniter.php(790): class_exists()
#5 /home/alfath2/Downloads/ci4-blog/system/CodeIgniter.php(399): CodeIgniter\CodeIgniter->startController()
#6 /home/alfath2/Downloads/ci4-blog/system/CodeIgniter.php(320): CodeIgniter\CodeIgniter->handleRequest()
#7 /home/alfath2/Downloads/ci4-blog/public/index.php(37): CodeIgniter\CodeIgniter->run()
#8 /home/alfath2/Downloads/ci4-blog/system/Commands/Server/rewrite.php(43): require_once('/home/alfath2/D...')
#9 {main}
CRITICAL - 2022-01-26 21:44:13 --> syntax error, unexpected 'getWhere' (T_STRING)
#0 /home/alfath2/Downloads/ci4-blog/system/Autoloader/Autoloader.php(241): CodeIgniter\Autoloader\Autoloader->includeFile()
#1 /home/alfath2/Downloads/ci4-blog/system/Autoloader/Autoloader.php(219): CodeIgniter\Autoloader\Autoloader->loadInNamespace()
#2 [internal function]: CodeIgniter\Autoloader\Autoloader->loadClass()
#3 [internal function]: spl_autoload_call()
#4 /home/alfath2/Downloads/ci4-blog/system/CodeIgniter.php(790): class_exists()
#5 /home/alfath2/Downloads/ci4-blog/system/CodeIgniter.php(399): CodeIgniter\CodeIgniter->startController()
#6 /home/alfath2/Downloads/ci4-blog/system/CodeIgniter.php(320): CodeIgniter\CodeIgniter->handleRequest()
#7 /home/alfath2/Downloads/ci4-blog/public/index.php(37): CodeIgniter\CodeIgniter->run()
#8 /home/alfath2/Downloads/ci4-blog/system/Commands/Server/rewrite.php(43): require_once('/home/alfath2/D...')
#9 {main}
CRITICAL - 2022-01-26 21:44:36 --> Trying to get property 'name' of non-object
#0 /home/alfath2/Downloads/ci4-blog/app/Views/users/user_detail.php(1): CodeIgniter\Debug\Exceptions->errorHandler()
#1 /home/alfath2/Downloads/ci4-blog/system/View/View.php(210): include('/home/alfath2/D...')
#2 /home/alfath2/Downloads/ci4-blog/system/View/View.php(213): CodeIgniter\View\View->CodeIgniter\View\{closure}()
#3 /home/alfath2/Downloads/ci4-blog/system/Common.php(1089): CodeIgniter\View\View->render()
#4 /home/alfath2/Downloads/ci4-blog/app/Controllers/Users.php(105): view()
#5 /home/alfath2/Downloads/ci4-blog/system/CodeIgniter.php(825): App\Controllers\Users->show_user()
#6 /home/alfath2/Downloads/ci4-blog/system/CodeIgniter.php(412): CodeIgniter\CodeIgniter->runController()
#7 /home/alfath2/Downloads/ci4-blog/system/CodeIgniter.php(320): CodeIgniter\CodeIgniter->handleRequest()
#8 /home/alfath2/Downloads/ci4-blog/public/index.php(37): CodeIgniter\CodeIgniter->run()
#9 /home/alfath2/Downloads/ci4-blog/system/Commands/Server/rewrite.php(43): require_once('/home/alfath2/D...')
#10 {main}
CRITICAL - 2022-01-26 22:05:53 --> Trying to get property 'name' of non-object
#0 /home/alfath2/Downloads/ci4-blog/app/Views/users/user_detail.php(3): CodeIgniter\Debug\Exceptions->errorHandler()
#1 /home/alfath2/Downloads/ci4-blog/system/View/View.php(210): include('/home/alfath2/D...')
#2 /home/alfath2/Downloads/ci4-blog/system/View/View.php(213): CodeIgniter\View\View->CodeIgniter\View\{closure}()
#3 /home/alfath2/Downloads/ci4-blog/system/Common.php(1089): CodeIgniter\View\View->render()
#4 /home/alfath2/Downloads/ci4-blog/app/Controllers/Users.php(105): view()
#5 /home/alfath2/Downloads/ci4-blog/system/CodeIgniter.php(825): App\Controllers\Users->show_user()
#6 /home/alfath2/Downloads/ci4-blog/system/CodeIgniter.php(412): CodeIgniter\CodeIgniter->runController()
#7 /home/alfath2/Downloads/ci4-blog/system/CodeIgniter.php(320): CodeIgniter\CodeIgniter->handleRequest()
#8 /home/alfath2/Downloads/ci4-blog/public/index.php(37): CodeIgniter\CodeIgniter->run()
#9 /home/alfath2/Downloads/ci4-blog/system/Commands/Server/rewrite.php(43): require_once('/home/alfath2/D...')
#10 {main}
CRITICAL - 2022-01-26 22:05:58 --> Trying to get property 'name' of non-object
#0 /home/alfath2/Downloads/ci4-blog/app/Views/users/user_detail.php(3): CodeIgniter\Debug\Exceptions->errorHandler()
#1 /home/alfath2/Downloads/ci4-blog/system/View/View.php(210): include('/home/alfath2/D...')
#2 /home/alfath2/Downloads/ci4-blog/system/View/View.php(213): CodeIgniter\View\View->CodeIgniter\View\{closure}()
#3 /home/alfath2/Downloads/ci4-blog/system/Common.php(1089): CodeIgniter\View\View->render()
#4 /home/alfath2/Downloads/ci4-blog/app/Controllers/Users.php(105): view()
#5 /home/alfath2/Downloads/ci4-blog/system/CodeIgniter.php(825): App\Controllers\Users->show_user()
#6 /home/alfath2/Downloads/ci4-blog/system/CodeIgniter.php(412): CodeIgniter\CodeIgniter->runController()
#7 /home/alfath2/Downloads/ci4-blog/system/CodeIgniter.php(320): CodeIgniter\CodeIgniter->handleRequest()
#8 /home/alfath2/Downloads/ci4-blog/public/index.php(37): CodeIgniter\CodeIgniter->run()
#9 /home/alfath2/Downloads/ci4-blog/system/Commands/Server/rewrite.php(43): require_once('/home/alfath2/D...')
#10 {main}
